
=== LOADING SOUNDS ===
? ?m thanh: nhacnen.mp3
==== JavaSound Minim Error ====
==== Don't know the ID3 code TSSE

? ?m thanh: amthanhspawn.mp3
? ?m thanh: amthanhcull.mp3
==== JavaSound Minim Error ====
==== Don't know the ID3 code TSSE

? ?m thanh: amthanhbutton.mp3
=== SOUND LOADING DONE ===

? Kh?i ??ng nh?c n?n...
? Nh?c n?n ?ang ph?t (volume: 0.50)
Setup Done
Simulated Sec 1 | Algae: 2353 | Sardine: 160 | Crab: 40 | Shark: 10 | Total: 2563
Simulated Sec 2 | Algae: 2330 | Sardine: 163 | Crab: 40 | Shark: 10 | Total: 2544
Simulated Sec 3 | Algae: 2267 | Sardine: 171 | Crab: 40 | Shark: 10 | Total: 2491
Simulated Sec 4 | Algae: 2197 | Sardine: 183 | Crab: 40 | Shark: 10 | Total: 2435
Simulated Sec 5 | Algae: 2136 | Sardine: 191 | Crab: 40 | Shark: 10 | Total: 2383
Simulated Sec 6 | Algae: 2048 | Sardine: 208 | Crab: 40 | Shark: 10 | Total: 2314
Simulated Sec 7 | Algae: 1938 | Sardine: 187 | Crab: 41 | Shark: 10 | Total: 2229
Simulated Sec 8 | Algae: 1837 | Sardine: 181 | Crab: 45 | Shark: 11 | Total: 2149
Simulated Sec 9 | Algae: 1713 | Sardine: 201 | Crab: 45 | Shark: 11 | Total: 2054
Simulated Sec 10 | Algae: 1608 | Sardine: 218 | Crab: 45 | Shark: 11 | Total: 1969
Simulated Sec 11 | Algae: 1514 | Sardine: 240 | Crab: 45 | Shark: 11 | Total: 1897
Simulated Sec 12 | Algae: 1416 | Sardine: 257 | Crab: 46 | Shark: 11 | Total: 1819
Simulated Sec 13 | Algae: 1300 | Sardine: 286 | Crab: 47 | Shark: 11 | Total: 1736
Simulated Sec 14 | Algae: 1198 | Sardine: 303 | Crab: 47 | Shark: 12 | Total: 1655
Simulated Sec 15 | Algae: 1105 | Sardine: 321 | Crab: 50 | Shark: 12 | Total: 1587
Simulated Sec 16 | Algae: 997 | Sardine: 339 | Crab: 51 | Shark: 12 | Total: 1503
Simulated Sec 17 | Algae: 889 | Sardine: 361 | Crab: 51 | Shark: 12 | Total: 1422
Simulated Sec 18 | Algae: 771 | Sardine: 382 | Crab: 52 | Shark: 12 | Total: 1329
Simulated Sec 19 | Algae: 721 | Sardine: 382 | Crab: 52 | Shark: 12 | Total: 1291
Simulated Sec 20 | Algae: 685 | Sardine: 376 | Crab: 60 | Shark: 12 | Total: 1261
Simulated Sec 21 | Algae: 655 | Sardine: 368 | Crab: 62 | Shark: 12 | Total: 1237
Simulated Sec 22 | Algae: 614 | Sardine: 366 | Crab: 62 | Shark: 12 | Total: 1204
Simulated Sec 23 | Algae: 563 | Sardine: 374 | Crab: 64 | Shark: 12 | Total: 1171
Simulated Sec 24 | Algae: 505 | Sardine: 379 | Crab: 64 | Shark: 12 | Total: 1130
Simulated Sec 25 | Algae: 437 | Sardine: 379 | Crab: 66 | Shark: 12 | Total: 1081
Simulated Sec 26 | Algae: 390 | Sardine: 368 | Crab: 67 | Shark: 12 | Total: 1048
Simulated Sec 27 | Algae: 342 | Sardine: 367 | Crab: 67 | Shark: 12 | Total: 1015
Simulated Sec 28 | Algae: 282 | Sardine: 372 | Crab: 67 | Shark: 12 | Total: 976
Simulated Sec 29 | Algae: 224 | Sardine: 360 | Crab: 71 | Shark: 12 | Total: 933
Simulated Sec 30 | Algae: 158 | Sardine: 349 | Crab: 71 | Shark: 12 | Total: 887
Simulated Sec 31 | Algae: 112 | Sardine: 326 | Crab: 77 | Shark: 12 | Total: 854
Simulated Sec 32 | Algae: 83 | Sardine: 290 | Crab: 80 | Shark: 12 | Total: 830
Simulated Sec 33 | Algae: 72 | Sardine: 262 | Crab: 87 | Shark: 12 | Total: 823
Simulated Sec 34 | Algae: 71 | Sardine: 250 | Crab: 93 | Shark: 12 | Total: 828
Simulated Sec 35 | Algae: 62 | Sardine: 239 | Crab: 102 | Shark: 12 | Total: 821
Simulated Sec 36 | Algae: 59 | Sardine: 228 | Crab: 108 | Shark: 12 | Total: 819
Simulated Sec 37 | Algae: 53 | Sardine: 216 | Crab: 112 | Shark: 12 | Total: 812
Simulated Sec 38 | Algae: 46 | Sardine: 197 | Crab: 125 | Shark: 12 | Total: 809
Simulated Sec 39 | Algae: 40 | Sardine: 172 | Crab: 132 | Shark: 12 | Total: 806
Simulated Sec 40 | Algae: 38 | Sardine: 154 | Crab: 135 | Shark: 12 | Total: 803
Simulated Sec 41 | Algae: 30 | Sardine: 136 | Crab: 138 | Shark: 11 | Total: 795
Simulated Sec 42 | Algae: 23 | Sardine: 120 | Crab: 128 | Shark: 11 | Total: 790
Simulated Sec 43 | Algae: 23 | Sardine: 97 | Crab: 138 | Shark: 11 | Total: 792
Simulated Sec 44 | Algae: 23 | Sardine: 78 | Crab: 140 | Shark: 11 | Total: 791
Simulated Sec 45 | Algae: 23 | Sardine: 60 | Crab: 143 | Shark: 11 | Total: 791
Simulated Sec 46 | Algae: 23 | Sardine: 44 | Crab: 154 | Shark: 10 | Total: 796
Simulated Sec 47 | Algae: 26 | Sardine: 32 | Crab: 162 | Shark: 10 | Total: 799
Simulated Sec 48 | Algae: 26 | Sardine: 26 | Crab: 164 | Shark: 9 | Total: 798
Simulated Sec 49 | Algae: 26 | Sardine: 20 | Crab: 166 | Shark: 9 | Total: 798
Simulated Sec 50 | Algae: 26 | Sardine: 15 | Crab: 169 | Shark: 9 | Total: 799
Simulated Sec 51 | Algae: 26 | Sardine: 10 | Crab: 180 | Shark: 9 | Total: 801
Simulated Sec 52 | Algae: 26 | Sardine: 9 | Crab: 182 | Shark: 9 | Total: 800
Simulated Sec 53 | Algae: 26 | Sardine: 7 | Crab: 182 | Shark: 9 | Total: 799
Simulated Sec 54 | Algae: 26 | Sardine: 6 | Crab: 186 | Shark: 9 | Total: 799
Simulated Sec 55 | Algae: 26 | Sardine: 5 | Crab: 189 | Shark: 8 | Total: 796
Simulated Sec 56 | Algae: 26 | Sardine: 1 | Crab: 192 | Shark: 8 | Total: 796
Simulated Sec 57 | Algae: 26 | Sardine: 0 | Crab: 195 | Shark: 7 | Total: 759
COLLAPSE: Species extinct!
X11Util.Display: Shutdown (JVM shutdown: true, open (no close attempt): 3/3, reusable (open, marked uncloseable): 0, pending (open in creation order): 3)
X11Util: Open X11 Display Connections: 3
X11Util: Open[0]: NamedX11Display[:1, 0x7f1294806380, refCount 1, unCloseable false]
X11Util: Open[1]: NamedX11Display[:1, 0x7f1138001500, refCount 1, unCloseable false]
X11Util: Open[2]: NamedX11Display[:1, 0x7f1138013ec0, refCount 1, unCloseable false]
Finished.
