
=== LOADING SOUNDS ===
? ?m thanh: nhacnen.mp3
==== JavaSound Minim Error ====
==== Don't know the ID3 code TSSE

? ?m thanh: amthanhspawn.mp3
? ?m thanh: amthanhcull.mp3
==== JavaSound Minim Error ====
==== Don't know the ID3 code TSSE

? ?m thanh: amthanhbutton.mp3
=== SOUND LOADING DONE ===

? Kh?i ??ng nh?c n?n...
? Nh?c n?n ?ang ph?t (volume: 0.50)
Setup Done
Simulated Sec 1 | Algae: 3930 | Sardine: 296 | Crab: 20 | Shark: 13 | Total: 4263
Simulated Sec 2 | Algae: 3924 | Sardine: 294 | Crab: 20 | Shark: 15 | Total: 4259
Simulated Sec 3 | Algae: 3905 | Sardine: 290 | Crab: 20 | Shark: 17 | Total: 4242
Simulated Sec 4 | Algae: 3902 | Sardine: 288 | Crab: 20 | Shark: 17 | Total: 4239
Simulated Sec 5 | Algae: 3891 | Sardine: 285 | Crab: 20 | Shark: 18 | Total: 4229
Simulated Sec 6 | Algae: 3879 | Sardine: 181 | Crab: 21 | Shark: 18 | Total: 4217
Simulated Sec 7 | Algae: 3822 | Sardine: 148 | Crab: 21 | Shark: 18 | Total: 4160
Simulated Sec 8 | Algae: 3812 | Sardine: 132 | Crab: 21 | Shark: 18 | Total: 4150
Simulated Sec 9 | Algae: 3799 | Sardine: 124 | Crab: 21 | Shark: 18 | Total: 4137
Simulated Sec 10 | Algae: 3798 | Sardine: 112 | Crab: 21 | Shark: 18 | Total: 4136
Simulated Sec 11 | Algae: 3785 | Sardine: 103 | Crab: 21 | Shark: 18 | Total: 4123
Simulated Sec 12 | Algae: 3774 | Sardine: 100 | Crab: 21 | Shark: 18 | Total: 4112
Simulated Sec 13 | Algae: 3725 | Sardine: 95 | Crab: 25 | Shark: 18 | Total: 4063
Simulated Sec 14 | Algae: 3718 | Sardine: 94 | Crab: 25 | Shark: 18 | Total: 4056
Simulated Sec 15 | Algae: 3706 | Sardine: 93 | Crab: 26 | Shark: 18 | Total: 4044
Simulated Sec 16 | Algae: 3704 | Sardine: 87 | Crab: 26 | Shark: 18 | Total: 4042
Simulated Sec 17 | Algae: 3700 | Sardine: 68 | Crab: 26 | Shark: 18 | Total: 4038
Simulated Sec 18 | Algae: 3700 | Sardine: 66 | Crab: 26 | Shark: 18 | Total: 4038
Simulated Sec 19 | Algae: 3660 | Sardine: 65 | Crab: 26 | Shark: 18 | Total: 3998
Simulated Sec 20 | Algae: 4057 | Sardine: 63 | Crab: 26 | Shark: 18 | Total: 4395
Simulated Sec 21 | Algae: 4464 | Sardine: 55 | Crab: 26 | Shark: 18 | Total: 4802
Simulated Sec 22 | Algae: 4872 | Sardine: 51 | Crab: 28 | Shark: 18 | Total: 5211
Simulated Sec 23 | Algae: 5266 | Sardine: 50 | Crab: 28 | Shark: 18 | Total: 5605
Simulated Sec 24 | Algae: 5515 | Sardine: 50 | Crab: 28 | Shark: 18 | Total: 5854
Simulated Sec 25 | Algae: 5743 | Sardine: 49 | Crab: 28 | Shark: 18 | Total: 6082
Simulated Sec 26 | Algae: 5975 | Sardine: 41 | Crab: 28 | Shark: 18 | Total: 6314
Simulated Sec 27 | Algae: 6190 | Sardine: 38 | Crab: 28 | Shark: 18 | Total: 6529
Simulated Sec 28 | Algae: 6413 | Sardine: 37 | Crab: 28 | Shark: 18 | Total: 6752
Simulated Sec 29 | Algae: 6622 | Sardine: 30 | Crab: 30 | Shark: 18 | Total: 6961
Simulated Sec 30 | Algae: 6796 | Sardine: 21 | Crab: 30 | Shark: 17 | Total: 7135
Simulated Sec 31 | Algae: 6887 | Sardine: 20 | Crab: 30 | Shark: 16 | Total: 7226
Simulated Sec 32 | Algae: 7035 | Sardine: 20 | Crab: 32 | Shark: 16 | Total: 7375
Simulated Sec 33 | Algae: 7169 | Sardine: 20 | Crab: 34 | Shark: 15 | Total: 7509
Simulated Sec 34 | Algae: 7204 | Sardine: 17 | Crab: 39 | Shark: 15 | Total: 7546
Simulated Sec 35 | Algae: 7204 | Sardine: 9 | Crab: 39 | Shark: 13 | Total: 7546
Simulated Sec 36 | Algae: 7204 | Sardine: 1 | Crab: 39 | Shark: 12 | Total: 7546
Simulated Sec 37 | Algae: 7203 | Sardine: 1 | Crab: 40 | Shark: 11 | Total: 7545
Simulated Sec 38 | Algae: 7203 | Sardine: 1 | Crab: 42 | Shark: 11 | Total: 7545
Simulated Sec 39 | Algae: 7203 | Sardine: 0 | Crab: 43 | Shark: 11 | Total: 7545
COLLAPSE: Species extinct!
X11Util.Display: Shutdown (JVM shutdown: true, open (no close attempt): 3/3, reusable (open, marked uncloseable): 0, pending (open in creation order): 3)
X11Util: Open X11 Display Connections: 3
X11Util: Open[0]: NamedX11Display[:1, 0x7f85884d6790, refCount 1, unCloseable false]
X11Util: Open[1]: NamedX11Display[:1, 0x7f8424001500, refCount 1, unCloseable false]
X11Util: Open[2]: NamedX11Display[:1, 0x7f8424013f50, refCount 1, unCloseable false]
Finished.
