
=== LOADING SOUNDS ===
? ?m thanh: nhacnen.mp3
==== JavaSound Minim Error ====
==== Don't know the ID3 code TSSE

? ?m thanh: amthanhspawn.mp3
? ?m thanh: amthanhcull.mp3
==== JavaSound Minim Error ====
==== Don't know the ID3 code TSSE

? ?m thanh: amthanhbutton.mp3
=== SOUND LOADING DONE ===

? Kh?i ??ng nh?c n?n...
? Nh?c n?n ?ang ph?t (volume: 0.50)
Setup Done
Simulated Sec 1 | Algae: 1167 | Sardine: 190 | Crab: 20 | Shark: 22 | Total: 1402
Simulated Sec 2 | Algae: 1134 | Sardine: 195 | Crab: 20 | Shark: 24 | Total: 1378
Simulated Sec 3 | Algae: 1125 | Sardine: 192 | Crab: 20 | Shark: 27 | Total: 1372
Simulated Sec 4 | Algae: 1117 | Sardine: 187 | Crab: 20 | Shark: 32 | Total: 1369
Simulated Sec 5 | Algae: 1084 | Sardine: 181 | Crab: 20 | Shark: 35 | Total: 1339
Simulated Sec 6 | Algae: 1050 | Sardine: 145 | Crab: 20 | Shark: 35 | Total: 1328
Simulated Sec 7 | Algae: 1015 | Sardine: 148 | Crab: 21 | Shark: 35 | Total: 1318
Simulated Sec 8 | Algae: 977 | Sardine: 152 | Crab: 21 | Shark: 36 | Total: 1297
Simulated Sec 9 | Algae: 948 | Sardine: 148 | Crab: 21 | Shark: 37 | Total: 1269
Simulated Sec 10 | Algae: 925 | Sardine: 145 | Crab: 22 | Shark: 37 | Total: 1247
Simulated Sec 11 | Algae: 899 | Sardine: 144 | Crab: 25 | Shark: 37 | Total: 1224
Simulated Sec 12 | Algae: 842 | Sardine: 169 | Crab: 25 | Shark: 37 | Total: 1196
Simulated Sec 13 | Algae: 787 | Sardine: 195 | Crab: 25 | Shark: 37 | Total: 1174
Simulated Sec 14 | Algae: 750 | Sardine: 206 | Crab: 25 | Shark: 37 | Total: 1155
Simulated Sec 15 | Algae: 726 | Sardine: 202 | Crab: 26 | Shark: 37 | Total: 1131
Simulated Sec 16 | Algae: 690 | Sardine: 202 | Crab: 26 | Shark: 37 | Total: 1096
Simulated Sec 17 | Algae: 656 | Sardine: 203 | Crab: 26 | Shark: 37 | Total: 1072
Simulated Sec 18 | Algae: 625 | Sardine: 200 | Crab: 26 | Shark: 37 | Total: 1050
Simulated Sec 19 | Algae: 586 | Sardine: 206 | Crab: 26 | Shark: 37 | Total: 1036
Simulated Sec 20 | Algae: 546 | Sardine: 202 | Crab: 26 | Shark: 37 | Total: 1007
Simulated Sec 21 | Algae: 518 | Sardine: 189 | Crab: 26 | Shark: 37 | Total: 979
Simulated Sec 22 | Algae: 489 | Sardine: 191 | Crab: 26 | Shark: 37 | Total: 958
Simulated Sec 23 | Algae: 462 | Sardine: 188 | Crab: 28 | Shark: 37 | Total: 939
Simulated Sec 24 | Algae: 444 | Sardine: 181 | Crab: 28 | Shark: 38 | Total: 930
Simulated Sec 25 | Algae: 418 | Sardine: 181 | Crab: 28 | Shark: 38 | Total: 915
Simulated Sec 26 | Algae: 387 | Sardine: 176 | Crab: 32 | Shark: 38 | Total: 898
Simulated Sec 27 | Algae: 353 | Sardine: 170 | Crab: 32 | Shark: 38 | Total: 870
Simulated Sec 28 | Algae: 326 | Sardine: 172 | Crab: 32 | Shark: 38 | Total: 851
Simulated Sec 29 | Algae: 299 | Sardine: 172 | Crab: 32 | Shark: 38 | Total: 833
Simulated Sec 30 | Algae: 268 | Sardine: 175 | Crab: 32 | Shark: 38 | Total: 812
Simulated Sec 31 | Algae: 244 | Sardine: 177 | Crab: 34 | Shark: 38 | Total: 799
Simulated Sec 32 | Algae: 224 | Sardine: 163 | Crab: 34 | Shark: 38 | Total: 787
Simulated Sec 33 | Algae: 208 | Sardine: 157 | Crab: 35 | Shark: 38 | Total: 775
Simulated Sec 34 | Algae: 190 | Sardine: 147 | Crab: 35 | Shark: 38 | Total: 759
Simulated Sec 35 | Algae: 175 | Sardine: 135 | Crab: 35 | Shark: 38 | Total: 744
Simulated Sec 36 | Algae: 158 | Sardine: 129 | Crab: 35 | Shark: 38 | Total: 736
Simulated Sec 37 | Algae: 147 | Sardine: 113 | Crab: 37 | Shark: 38 | Total: 729
Simulated Sec 38 | Algae: 136 | Sardine: 104 | Crab: 37 | Shark: 38 | Total: 723
Simulated Sec 39 | Algae: 124 | Sardine: 98 | Crab: 37 | Shark: 38 | Total: 715
Simulated Sec 40 | Algae: 118 | Sardine: 89 | Crab: 37 | Shark: 39 | Total: 710
Simulated Sec 41 | Algae: 112 | Sardine: 76 | Crab: 39 | Shark: 39 | Total: 707
Simulated Sec 42 | Algae: 109 | Sardine: 59 | Crab: 33 | Shark: 39 | Total: 704
Simulated Sec 43 | Algae: 107 | Sardine: 51 | Crab: 34 | Shark: 38 | Total: 702
Simulated Sec 44 | Algae: 106 | Sardine: 38 | Crab: 34 | Shark: 38 | Total: 701
Simulated Sec 45 | Algae: 103 | Sardine: 29 | Crab: 34 | Shark: 38 | Total: 698
Simulated Sec 46 | Algae: 103 | Sardine: 28 | Crab: 36 | Shark: 37 | Total: 699
Simulated Sec 47 | Algae: 100 | Sardine: 29 | Crab: 42 | Shark: 37 | Total: 699
Simulated Sec 48 | Algae: 96 | Sardine: 24 | Crab: 44 | Shark: 36 | Total: 699
Simulated Sec 49 | Algae: 92 | Sardine: 20 | Crab: 45 | Shark: 33 | Total: 698
Simulated Sec 50 | Algae: 91 | Sardine: 17 | Crab: 47 | Shark: 32 | Total: 696
Simulated Sec 51 | Algae: 88 | Sardine: 17 | Crab: 49 | Shark: 32 | Total: 691
Simulated Sec 52 | Algae: 84 | Sardine: 14 | Crab: 51 | Shark: 32 | Total: 687
Simulated Sec 53 | Algae: 77 | Sardine: 18 | Crab: 55 | Shark: 31 | Total: 682
Simulated Sec 54 | Algae: 74 | Sardine: 18 | Crab: 57 | Shark: 30 | Total: 677
Simulated Sec 55 | Algae: 68 | Sardine: 21 | Crab: 58 | Shark: 30 | Total: 668
Simulated Sec 56 | Algae: 64 | Sardine: 21 | Crab: 60 | Shark: 30 | Total: 609
Simulated Sec 57 | Algae: 61 | Sardine: 21 | Crab: 60 | Shark: 30 | Total: 588
Simulated Sec 58 | Algae: 60 | Sardine: 21 | Crab: 60 | Shark: 29 | Total: 577
Simulated Sec 59 | Algae: 57 | Sardine: 20 | Crab: 61 | Shark: 29 | Total: 572
Simulated Sec 60 | Algae: 54 | Sardine: 18 | Crab: 60 | Shark: 29 | Total: 567
Simulated Sec 61 | Algae: 53 | Sardine: 17 | Crab: 61 | Shark: 28 | Total: 561
Simulated Sec 62 | Algae: 49 | Sardine: 16 | Crab: 61 | Shark: 28 | Total: 554
Simulated Sec 63 | Algae: 45 | Sardine: 14 | Crab: 61 | Shark: 26 | Total: 543
Simulated Sec 64 | Algae: 41 | Sardine: 16 | Crab: 61 | Shark: 24 | Total: 535
Simulated Sec 65 | Algae: 38 | Sardine: 17 | Crab: 61 | Shark: 24 | Total: 530
Simulated Sec 66 | Algae: 37 | Sardine: 17 | Crab: 61 | Shark: 24 | Total: 528
Simulated Sec 67 | Algae: 33 | Sardine: 19 | Crab: 61 | Shark: 24 | Total: 517
Simulated Sec 68 | Algae: 28 | Sardine: 20 | Crab: 61 | Shark: 22 | Total: 501
Simulated Sec 69 | Algae: 28 | Sardine: 19 | Crab: 62 | Shark: 22 | Total: 482
Simulated Sec 70 | Algae: 27 | Sardine: 19 | Crab: 62 | Shark: 22 | Total: 467
Simulated Sec 71 | Algae: 24 | Sardine: 15 | Crab: 62 | Shark: 22 | Total: 452
Simulated Sec 72 | Algae: 21 | Sardine: 16 | Crab: 61 | Shark: 21 | Total: 446
Simulated Sec 73 | Algae: 20 | Sardine: 15 | Crab: 62 | Shark: 21 | Total: 436
Simulated Sec 74 | Algae: 20 | Sardine: 13 | Crab: 60 | Shark: 17 | Total: 421
Simulated Sec 75 | Algae: 20 | Sardine: 11 | Crab: 60 | Shark: 17 | Total: 412
Simulated Sec 76 | Algae: 20 | Sardine: 11 | Crab: 60 | Shark: 16 | Total: 394
Simulated Sec 77 | Algae: 20 | Sardine: 10 | Crab: 59 | Shark: 16 | Total: 382
Simulated Sec 78 | Algae: 20 | Sardine: 4 | Crab: 59 | Shark: 15 | Total: 377
Simulated Sec 79 | Algae: 20 | Sardine: 2 | Crab: 60 | Shark: 14 | Total: 368
Simulated Sec 80 | Algae: 20 | Sardine: 2 | Crab: 59 | Shark: 14 | Total: 363
Simulated Sec 81 | Algae: 20 | Sardine: 0 | Crab: 59 | Shark: 12 | Total: 355
COLLAPSE: Species extinct!
X11Util.Display: Shutdown (JVM shutdown: true, open (no close attempt): 3/3, reusable (open, marked uncloseable): 0, pending (open in creation order): 3)
X11Util: Open X11 Display Connections: 3
X11Util: Open[0]: NamedX11Display[:1, 0x7fba0c8c0f90, refCount 1, unCloseable false]
X11Util: Open[1]: NamedX11Display[:1, 0x7fb8b0001500, refCount 1, unCloseable false]
X11Util: Open[2]: NamedX11Display[:1, 0x7fb8b0013f30, refCount 1, unCloseable false]
Finished.
