
=== LOADING SOUNDS ===
? ?m thanh: nhacnen.mp3
==== JavaSound Minim Error ====
==== Don't know the ID3 code TSSE

? ?m thanh: amthanhspawn.mp3
? ?m thanh: amthanhcull.mp3
==== JavaSound Minim Error ====
==== Don't know the ID3 code TSSE

? ?m thanh: amthanhbutton.mp3
=== SOUND LOADING DONE ===

? Kh?i ??ng nh?c n?n...
? Nh?c n?n ?ang ph?t (volume: 0.50)
Setup Done
Simulated Sec 1 | Algae: 5742 | Sardine: 747 | Crab: 20 | Shark: 5 | Total: 6514
Simulated Sec 2 | Algae: 5690 | Sardine: 756 | Crab: 20 | Shark: 7 | Total: 6475
Simulated Sec 3 | Algae: 5676 | Sardine: 766 | Crab: 20 | Shark: 7 | Total: 6472
Simulated Sec 4 | Algae: 5640 | Sardine: 783 | Crab: 20 | Shark: 7 | Total: 6454
Simulated Sec 5 | Algae: 5588 | Sardine: 803 | Crab: 20 | Shark: 7 | Total: 6423
Simulated Sec 6 | Algae: 5569 | Sardine: 802 | Crab: 20 | Shark: 7 | Total: 6404
Simulated Sec 7 | Algae: 5535 | Sardine: 801 | Crab: 20 | Shark: 7 | Total: 6370
Simulated Sec 8 | Algae: 5519 | Sardine: 801 | Crab: 20 | Shark: 7 | Total: 6354
Simulated Sec 9 | Algae: 5503 | Sardine: 801 | Crab: 20 | Shark: 7 | Total: 6338
Simulated Sec 10 | Algae: 5497 | Sardine: 801 | Crab: 20 | Shark: 7 | Total: 6332
Simulated Sec 11 | Algae: 6318 | Sardine: 800 | Crab: 20 | Shark: 7 | Total: 7153
Simulated Sec 12 | Algae: 7530 | Sardine: 566 | Crab: 25 | Shark: 7 | Total: 8368
Simulated Sec 13 | Algae: 8634 | Sardine: 528 | Crab: 28 | Shark: 7 | Total: 9473
Max entities reached!
Max entities reached!
Max entities reached!
Max entities reached!
Max entities reached!
Max entities reached!
Max entities reached!
Max entities reached!
Max entities reached!
Max entities reached!
Max entities reached!
Max entities reached!
Max entities reached!
Max entities reached!
Max entities reached!
Max entities reached!
Max entities reached!
Max entities reached!
Max entities reached!
Max entities reached!
Max entities reached!
Max entities reached!
Max entities reached!
Max entities reached!
Max entities reached!
Max entities reached!
Max entities reached!
Max entities reached!
Max entities reached!
Max entities reached!
Max entities reached!
Max entities reached!
Max entities reached!
Max entities reached!
Max entities reached!
Max entities reached!
Max entities reached!
Max entities reached!
Max entities reached!
Max entities reached!
Max entities reached!
Max entities reached!
Max entities reached!
Max entities reached!
Max entities reached!
Max entities reached!
Max entities reached!
Max entities reached!
Max entities reached!
Max entities reached!
Max entities reached!
Max entities reached!
Max entities reached!
Max entities reached!
Max entities reached!
Max entities reached!
Max entities reached!
Max entities reached!
Max entities reached!
Max entities reached!
Max entities reached!
Max entities reached!
Max entities reached!
Max entities reached!
Max entities reached!
Max entities reached!
Max entities reached!
Max entities reached!
Max entities reached!
Max entities reached!
Max entities reached!
Max entities reached!
Max entities reached!
Max entities reached!
Max entities reached!
Max entities reached!
Max entities reached!
Max entities reached!
Max entities reached!
Max entities reached!
Max entities reached!
Max entities reached!
Max entities reached!
Max entities reached!
Max entities reached!
Max entities reached!
Max entities reached!
Max entities reached!
Max entities reached!
Max entities reached!
Max entities reached!
Max entities reached!
Max entities reached!
Max entities reached!
Max entities reached!
Max entities reached!
Max entities reached!
Max entities reached!
Max entities reached!
Max entities reached!
Max entities reached!
Max entities reached!
Max entities reached!
Max entities reached!
Max entities reached!
Max entities reached!
Max entities reached!
Max entities reached!
Max entities reached!
Max entities reached!
Max entities reached!
Max entities reached!
Max entities reached!
Max entities reached!
Max entities reached!
Max entities reached!
Max entities reached!
Max entities reached!
Max entities reached!
Max entities reached!
Max entities reached!
Max entities reached!
Max entities reached!
Max entities reached!
Max entities reached!
Max entities reached!
Max entities reached!
Max entities reached!
Max entities reached!
Max entities reached!
Max entities reached!
Max entities reached!
Max entities reached!
Max entities reached!
Max entities reached!
Max entities reached!
Max entities reached!
Max entities reached!
Max entities reached!
Max entities reached!
Max entities reached!
Max entities reached!
Max entities reached!
Max entities reached!
Max entities reached!
Max entities reached!
Max entities reached!
Max entities reached!
Max entities reached!
Max entities reached!
Max entities reached!
Max entities reached!
Max entities reached!
Max entities reached!
Max entities reached!
Max entities reached!
Max entities reached!
Max entities reached!
Max entities reached!
Max entities reached!
Max entities reached!
Max entities reached!
Max entities reached!
Max entities reached!
Max entities reached!
Max entities reached!
Max entities reached!
Max entities reached!
Max entities reached!
Max entities reached!
Max entities reached!
Max entities reached!
Max entities reached!
Max entities reached!
Max entities reached!
Max entities reached!
Max entities reached!
Max entities reached!
Max entities reached!
Max entities reached!
Max entities reached!
Max entities reached!
Max entities reached!
Max entities reached!
Max entities reached!
Max entities reached!
Max entities reached!
Max entities reached!
Max entities reached!
Max entities reached!
Max entities reached!
Max entities reached!
Max entities reached!
Max entities reached!
Max entities reached!
Max entities reached!
Max entities reached!
Max entities reached!
Max entities reached!
Max entities reached!
Max entities reached!
Max entities reached!
Max entities reached!
Max entities reached!
Max entities reached!
Max entities reached!
Max entities reached!
Max entities reached!
Max entities reached!
Max entities reached!
Max entities reached!
Max entities reached!
Max entities reached!
Max entities reached!
Max entities reached!
Max entities reached!
Max entities reached!
Max entities reached!
Max entities reached!
Max entities reached!
Max entities reached!
Max entities reached!
Max entities reached!
Max entities reached!
Max entities reached!
Max entities reached!
Max entities reached!
Max entities reached!
Max entities reached!
Simulated Sec 14 | Algae: 9160 | Sardine: 521 | Crab: 28 | Shark: 7 | Total: 9999
COLLAPSE: Overpopulation!
X11Util.Display: Shutdown (JVM shutdown: true, open (no close attempt): 3/3, reusable (open, marked uncloseable): 0, pending (open in creation order): 3)
X11Util: Open X11 Display Connections: 3
X11Util: Open[0]: NamedX11Display[:1, 0x7fbe74866510, refCount 1, unCloseable false]
X11Util: Open[1]: NamedX11Display[:1, 0x7fbd18001500, refCount 1, unCloseable false]
X11Util: Open[2]: NamedX11Display[:1, 0x7fbd18013f50, refCount 1, unCloseable false]
Finished.
