
=== LOADING SOUNDS ===
? ?m thanh: nhacnen.mp3
==== JavaSound Minim Error ====
==== Don't know the ID3 code TSSE

? ?m thanh: amthanhspawn.mp3
? ?m thanh: amthanhcull.mp3
==== JavaSound Minim Error ====
==== Don't know the ID3 code TSSE

? ?m thanh: amthanhbutton.mp3
=== SOUND LOADING DONE ===

? Kh?i ??ng nh?c n?n...
? Nh?c n?n ?ang ph?t (volume: 0.50)
Setup Done
Simulated Sec 1 | Algae: 2365 | Sardine: 158 | Crab: 20 | Shark: 30 | Total: 2575
Simulated Sec 2 | Algae: 2365 | Sardine: 157 | Crab: 20 | Shark: 30 | Total: 2575
Simulated Sec 3 | Algae: 2361 | Sardine: 156 | Crab: 20 | Shark: 30 | Total: 2571
Simulated Sec 4 | Algae: 2357 | Sardine: 150 | Crab: 20 | Shark: 30 | Total: 2567
Simulated Sec 5 | Algae: 2326 | Sardine: 146 | Crab: 20 | Shark: 30 | Total: 2536
Simulated Sec 6 | Algae: 2326 | Sardine: 87 | Crab: 20 | Shark: 30 | Total: 2536
Simulated Sec 7 | Algae: 2311 | Sardine: 63 | Crab: 22 | Shark: 30 | Total: 2522
Simulated Sec 8 | Algae: 2304 | Sardine: 59 | Crab: 22 | Shark: 30 | Total: 2515
Simulated Sec 9 | Algae: 2274 | Sardine: 54 | Crab: 22 | Shark: 30 | Total: 2485
Simulated Sec 10 | Algae: 2274 | Sardine: 53 | Crab: 23 | Shark: 30 | Total: 2485
Simulated Sec 11 | Algae: 2266 | Sardine: 50 | Crab: 23 | Shark: 30 | Total: 2477
Simulated Sec 12 | Algae: 2259 | Sardine: 46 | Crab: 23 | Shark: 30 | Total: 2470
Simulated Sec 13 | Algae: 2231 | Sardine: 44 | Crab: 23 | Shark: 30 | Total: 2442
Simulated Sec 14 | Algae: 2231 | Sardine: 43 | Crab: 23 | Shark: 30 | Total: 2442
Simulated Sec 15 | Algae: 2225 | Sardine: 43 | Crab: 24 | Shark: 30 | Total: 2437
Simulated Sec 16 | Algae: 2218 | Sardine: 42 | Crab: 24 | Shark: 30 | Total: 2429
Simulated Sec 17 | Algae: 2196 | Sardine: 42 | Crab: 24 | Shark: 30 | Total: 2407
Simulated Sec 18 | Algae: 2196 | Sardine: 40 | Crab: 24 | Shark: 30 | Total: 2407
Simulated Sec 19 | Algae: 2190 | Sardine: 39 | Crab: 25 | Shark: 30 | Total: 2401
Simulated Sec 20 | Algae: 2183 | Sardine: 37 | Crab: 25 | Shark: 30 | Total: 2394
Simulated Sec 21 | Algae: 2169 | Sardine: 36 | Crab: 25 | Shark: 30 | Total: 2380
Simulated Sec 22 | Algae: 2165 | Sardine: 33 | Crab: 25 | Shark: 30 | Total: 2376
Simulated Sec 23 | Algae: 2160 | Sardine: 31 | Crab: 31 | Shark: 30 | Total: 2372
Simulated Sec 24 | Algae: 2155 | Sardine: 30 | Crab: 31 | Shark: 29 | Total: 2367
Simulated Sec 25 | Algae: 2144 | Sardine: 28 | Crab: 31 | Shark: 26 | Total: 2356
Simulated Sec 26 | Algae: 2142 | Sardine: 26 | Crab: 31 | Shark: 25 | Total: 2354
Simulated Sec 27 | Algae: 2139 | Sardine: 25 | Crab: 33 | Shark: 22 | Total: 2351
Simulated Sec 28 | Algae: 2134 | Sardine: 24 | Crab: 33 | Shark: 22 | Total: 2346
Simulated Sec 29 | Algae: 2123 | Sardine: 24 | Crab: 34 | Shark: 21 | Total: 2336
Simulated Sec 30 | Algae: 2118 | Sardine: 24 | Crab: 34 | Shark: 19 | Total: 2331
Simulated Sec 31 | Algae: 2115 | Sardine: 24 | Crab: 34 | Shark: 16 | Total: 2328
Simulated Sec 32 | Algae: 2111 | Sardine: 25 | Crab: 34 | Shark: 15 | Total: 2325
Simulated Sec 33 | Algae: 2236 | Sardine: 27 | Crab: 34 | Shark: 15 | Total: 2453
Simulated Sec 34 | Algae: 2371 | Sardine: 28 | Crab: 34 | Shark: 14 | Total: 2589
Simulated Sec 35 | Algae: 2502 | Sardine: 29 | Crab: 34 | Shark: 14 | Total: 2721
Simulated Sec 36 | Algae: 2625 | Sardine: 30 | Crab: 34 | Shark: 13 | Total: 2845
Simulated Sec 37 | Algae: 2729 | Sardine: 34 | Crab: 34 | Shark: 12 | Total: 2953
Simulated Sec 38 | Algae: 2833 | Sardine: 36 | Crab: 34 | Shark: 11 | Total: 3060
Simulated Sec 39 | Algae: 2908 | Sardine: 36 | Crab: 34 | Shark: 11 | Total: 3136
Simulated Sec 40 | Algae: 2986 | Sardine: 36 | Crab: 36 | Shark: 9 | Total: 3215
Simulated Sec 41 | Algae: 3049 | Sardine: 36 | Crab: 36 | Shark: 8 | Total: 3280
Simulated Sec 42 | Algae: 3125 | Sardine: 37 | Crab: 27 | Shark: 8 | Total: 3358
Simulated Sec 43 | Algae: 3186 | Sardine: 38 | Crab: 27 | Shark: 8 | Total: 3421
Simulated Sec 44 | Algae: 3258 | Sardine: 38 | Crab: 28 | Shark: 8 | Total: 3493
Simulated Sec 45 | Algae: 3331 | Sardine: 38 | Crab: 28 | Shark: 8 | Total: 3566
Simulated Sec 46 | Algae: 3393 | Sardine: 43 | Crab: 28 | Shark: 8 | Total: 3633
Simulated Sec 47 | Algae: 3442 | Sardine: 43 | Crab: 29 | Shark: 7 | Total: 3682
Simulated Sec 48 | Algae: 3500 | Sardine: 40 | Crab: 29 | Shark: 5 | Total: 3740
Simulated Sec 49 | Algae: 3544 | Sardine: 40 | Crab: 26 | Shark: 5 | Total: 3784
Simulated Sec 50 | Algae: 3577 | Sardine: 40 | Crab: 26 | Shark: 5 | Total: 3817
Simulated Sec 51 | Algae: 3606 | Sardine: 42 | Crab: 26 | Shark: 5 | Total: 3846
Simulated Sec 52 | Algae: 3638 | Sardine: 41 | Crab: 26 | Shark: 4 | Total: 3877
Simulated Sec 53 | Algae: 3667 | Sardine: 41 | Crab: 26 | Shark: 4 | Total: 3905
Simulated Sec 54 | Algae: 3706 | Sardine: 40 | Crab: 26 | Shark: 3 | Total: 3938
Simulated Sec 55 | Algae: 3723 | Sardine: 40 | Crab: 25 | Shark: 3 | Total: 3951
Simulated Sec 56 | Algae: 3739 | Sardine: 42 | Crab: 25 | Shark: 3 | Total: 3913
Simulated Sec 57 | Algae: 3762 | Sardine: 40 | Crab: 25 | Shark: 3 | Total: 3917
Simulated Sec 58 | Algae: 3774 | Sardine: 40 | Crab: 25 | Shark: 3 | Total: 3927
Simulated Sec 59 | Algae: 3790 | Sardine: 41 | Crab: 25 | Shark: 3 | Total: 3939
Simulated Sec 60 | Algae: 3798 | Sardine: 41 | Crab: 25 | Shark: 3 | Total: 3946
Simulated Sec 61 | Algae: 3825 | Sardine: 40 | Crab: 25 | Shark: 3 | Total: 3972
Simulated Sec 62 | Algae: 3831 | Sardine: 40 | Crab: 25 | Shark: 3 | Total: 3974
Simulated Sec 63 | Algae: 3818 | Sardine: 41 | Crab: 25 | Shark: 3 | Total: 3960
Simulated Sec 64 | Algae: 3812 | Sardine: 41 | Crab: 25 | Shark: 3 | Total: 3953
Simulated Sec 65 | Algae: 3833 | Sardine: 41 | Crab: 21 | Shark: 2 | Total: 3975
Simulated Sec 66 | Algae: 3972 | Sardine: 40 | Crab: 21 | Shark: 2 | Total: 4114
Simulated Sec 67 | Algae: 4071 | Sardine: 43 | Crab: 19 | Shark: 2 | Total: 4216
Simulated Sec 68 | Algae: 4185 | Sardine: 44 | Crab: 20 | Shark: 2 | Total: 4329
Simulated Sec 69 | Algae: 4298 | Sardine: 45 | Crab: 20 | Shark: 2 | Total: 4443
Simulated Sec 70 | Algae: 4392 | Sardine: 46 | Crab: 20 | Shark: 2 | Total: 4537
Simulated Sec 71 | Algae: 4521 | Sardine: 47 | Crab: 20 | Shark: 2 | Total: 4667
Simulated Sec 72 | Algae: 4639 | Sardine: 44 | Crab: 19 | Shark: 2 | Total: 4783
Simulated Sec 73 | Algae: 4747 | Sardine: 43 | Crab: 19 | Shark: 2 | Total: 4889
Simulated Sec 74 | Algae: 4849 | Sardine: 42 | Crab: 19 | Shark: 2 | Total: 4991
Simulated Sec 75 | Algae: 4940 | Sardine: 45 | Crab: 19 | Shark: 2 | Total: 5081
Simulated Sec 76 | Algae: 5034 | Sardine: 44 | Crab: 19 | Shark: 2 | Total: 5173
Simulated Sec 77 | Algae: 5119 | Sardine: 44 | Crab: 19 | Shark: 2 | Total: 5255
Simulated Sec 78 | Algae: 5198 | Sardine: 45 | Crab: 19 | Shark: 2 | Total: 5334
Simulated Sec 79 | Algae: 5243 | Sardine: 45 | Crab: 19 | Shark: 2 | Total: 5378
Simulated Sec 80 | Algae: 5296 | Sardine: 43 | Crab: 19 | Shark: 2 | Total: 5431
Simulated Sec 81 | Algae: 5351 | Sardine: 41 | Crab: 18 | Shark: 2 | Total: 5483
Simulated Sec 82 | Algae: 5424 | Sardine: 40 | Crab: 17 | Shark: 2 | Total: 5556
Simulated Sec 83 | Algae: 5453 | Sardine: 39 | Crab: 16 | Shark: 2 | Total: 5585
Simulated Sec 84 | Algae: 5521 | Sardine: 40 | Crab: 16 | Shark: 2 | Total: 5654
Simulated Sec 85 | Algae: 5606 | Sardine: 40 | Crab: 16 | Shark: 2 | Total: 5739
Simulated Sec 86 | Algae: 5655 | Sardine: 43 | Crab: 16 | Shark: 2 | Total: 5791
Simulated Sec 87 | Algae: 5697 | Sardine: 40 | Crab: 16 | Shark: 2 | Total: 5832
Simulated Sec 88 | Algae: 5748 | Sardine: 41 | Crab: 15 | Shark: 2 | Total: 5882
Simulated Sec 89 | Algae: 5816 | Sardine: 41 | Crab: 15 | Shark: 1 | Total: 5949
Simulated Sec 90 | Algae: 5869 | Sardine: 41 | Crab: 14 | Shark: 1 | Total: 6001
Simulated Sec 91 | Algae: 5935 | Sardine: 41 | Crab: 14 | Shark: 1 | Total: 6064
Simulated Sec 92 | Algae: 5998 | Sardine: 41 | Crab: 13 | Shark: 1 | Total: 6117
Simulated Sec 93 | Algae: 6066 | Sardine: 41 | Crab: 13 | Shark: 1 | Total: 6185
Simulated Sec 94 | Algae: 6115 | Sardine: 40 | Crab: 11 | Shark: 1 | Total: 6234
Simulated Sec 95 | Algae: 6159 | Sardine: 39 | Crab: 11 | Shark: 1 | Total: 6278
Simulated Sec 96 | Algae: 6193 | Sardine: 40 | Crab: 11 | Shark: 1 | Total: 6313
Simulated Sec 97 | Algae: 6251 | Sardine: 43 | Crab: 11 | Shark: 1 | Total: 6373
Simulated Sec 98 | Algae: 6373 | Sardine: 45 | Crab: 10 | Shark: 1 | Total: 6493
Simulated Sec 99 | Algae: 6574 | Sardine: 45 | Crab: 11 | Shark: 1 | Total: 6691
Simulated Sec 100 | Algae: 6751 | Sardine: 47 | Crab: 11 | Shark: 1 | Total: 6870
Simulated Sec 101 | Algae: 6941 | Sardine: 49 | Crab: 10 | Shark: 1 | Total: 7062
Simulated Sec 102 | Algae: 7118 | Sardine: 49 | Crab: 10 | Shark: 1 | Total: 7237
Simulated Sec 103 | Algae: 7297 | Sardine: 49 | Crab: 10 | Shark: 1 | Total: 7417
Simulated Sec 104 | Algae: 7465 | Sardine: 49 | Crab: 10 | Shark: 1 | Total: 7583
Simulated Sec 105 | Algae: 7590 | Sardine: 47 | Crab: 10 | Shark: 1 | Total: 7707
Simulated Sec 106 | Algae: 7805 | Sardine: 48 | Crab: 10 | Shark: 1 | Total: 7924
Simulated Sec 107 | Algae: 8005 | Sardine: 48 | Crab: 9 | Shark: 1 | Total: 8122
Simulated Sec 108 | Algae: 8192 | Sardine: 48 | Crab: 9 | Shark: 1 | Total: 8309
Simulated Sec 109 | Algae: 8391 | Sardine: 48 | Crab: 9 | Shark: 1 | Total: 8509
Simulated Sec 110 | Algae: 8545 | Sardine: 47 | Crab: 8 | Shark: 1 | Total: 8666
Simulated Sec 111 | Algae: 8695 | Sardine: 51 | Crab: 8 | Shark: 1 | Total: 8820
Simulated Sec 112 | Algae: 8850 | Sardine: 52 | Crab: 7 | Shark: 1 | Total: 8976
Simulated Sec 113 | Algae: 8999 | Sardine: 53 | Crab: 7 | Shark: 1 | Total: 9127
Simulated Sec 114 | Algae: 9137 | Sardine: 51 | Crab: 7 | Shark: 1 | Total: 9265
Simulated Sec 115 | Algae: 9290 | Sardine: 54 | Crab: 7 | Shark: 1 | Total: 9416
Simulated Sec 116 | Algae: 9399 | Sardine: 57 | Crab: 7 | Shark: 1 | Total: 9527
COLLAPSE: Overpopulation!
X11Util.Display: Shutdown (JVM shutdown: true, open (no close attempt): 3/3, reusable (open, marked uncloseable): 0, pending (open in creation order): 3)
X11Util: Open X11 Display Connections: 3
X11Util: Open[0]: NamedX11Display[:1, 0x7f150849f190, refCount 1, unCloseable false]
X11Util: Open[1]: NamedX11Display[:1, 0x7f13a4001500, refCount 1, unCloseable false]
X11Util: Open[2]: NamedX11Display[:1, 0x7f13a4013f50, refCount 1, unCloseable false]
Finished.
