
=== LOADING SOUNDS ===
? ?m thanh: nhacnen.mp3
==== JavaSound Minim Error ====
==== Don't know the ID3 code TSSE

? ?m thanh: amthanhspawn.mp3
? ?m thanh: amthanhcull.mp3
==== JavaSound Minim Error ====
==== Don't know the ID3 code TSSE

? ?m thanh: amthanhbutton.mp3
=== SOUND LOADING DONE ===

? Kh?i ??ng nh?c n?n...
? Nh?c n?n ?ang ph?t (volume: 0.50)
Setup Done
Simulated Sec 1 | Algae: 2982 | Sardine: 201 | Crab: 20 | Shark: 11 | Total: 3215
Simulated Sec 2 | Algae: 2951 | Sardine: 207 | Crab: 20 | Shark: 14 | Total: 3196
Simulated Sec 3 | Algae: 2912 | Sardine: 220 | Crab: 20 | Shark: 15 | Total: 3172
Simulated Sec 4 | Algae: 2863 | Sardine: 238 | Crab: 20 | Shark: 16 | Total: 3145
Simulated Sec 5 | Algae: 4315 | Sardine: 254 | Crab: 20 | Shark: 19 | Total: 4619
Simulated Sec 6 | Algae: 5357 | Sardine: 281 | Crab: 20 | Shark: 19 | Total: 5689
Simulated Sec 7 | Algae: 5387 | Sardine: 317 | Crab: 20 | Shark: 20 | Total: 5759
Simulated Sec 8 | Algae: 5223 | Sardine: 362 | Crab: 20 | Shark: 20 | Total: 5641
Simulated Sec 9 | Algae: 5942 | Sardine: 458 | Crab: 20 | Shark: 20 | Total: 6457
Simulated Sec 10 | Algae: 7210 | Sardine: 576 | Crab: 20 | Shark: 20 | Total: 7843
Simulated Sec 11 | Algae: 7843 | Sardine: 707 | Crab: 20 | Shark: 20 | Total: 8609
Simulated Sec 12 | Algae: 8194 | Sardine: 800 | Crab: 20 | Shark: 20 | Total: 9132
Simulated Sec 13 | Algae: 8262 | Sardine: 998 | Crab: 20 | Shark: 20 | Total: 9423
Max entities reached!
Max entities reached!
Max entities reached!
Max entities reached!
Max entities reached!
Max entities reached!
Max entities reached!
Max entities reached!
Max entities reached!
Max entities reached!
Max entities reached!
Max entities reached!
Max entities reached!
Max entities reached!
Max entities reached!
Max entities reached!
Max entities reached!
Max entities reached!
Max entities reached!
Max entities reached!
Max entities reached!
Max entities reached!
Max entities reached!
Max entities reached!
Max entities reached!
Max entities reached!
Max entities reached!
Max entities reached!
Max entities reached!
Max entities reached!
Max entities reached!
Max entities reached!
Max entities reached!
Max entities reached!
Max entities reached!
Max entities reached!
Max entities reached!
Max entities reached!
Max entities reached!
Max entities reached!
Max entities reached!
Max entities reached!
Max entities reached!
Max entities reached!
Max entities reached!
Max entities reached!
Max entities reached!
Max entities reached!
Max entities reached!
Max entities reached!
Max entities reached!
Max entities reached!
Max entities reached!
Max entities reached!
Max entities reached!
Max entities reached!
Max entities reached!
Max entities reached!
Max entities reached!
Max entities reached!
Max entities reached!
Max entities reached!
Max entities reached!
Max entities reached!
Max entities reached!
Max entities reached!
Max entities reached!
Max entities reached!
Max entities reached!
Max entities reached!
Max entities reached!
Max entities reached!
Max entities reached!
Max entities reached!
Max entities reached!
Max entities reached!
Max entities reached!
Max entities reached!
Max entities reached!
Max entities reached!
Max entities reached!
Max entities reached!
Max entities reached!
Max entities reached!
Max entities reached!
Max entities reached!
Max entities reached!
Max entities reached!
Max entities reached!
Max entities reached!
Max entities reached!
Max entities reached!
Max entities reached!
Max entities reached!
Max entities reached!
Max entities reached!
Max entities reached!
Max entities reached!
Max entities reached!
Max entities reached!
Max entities reached!
Max entities reached!
Max entities reached!
Max entities reached!
Max entities reached!
Max entities reached!
Max entities reached!
Max entities reached!
Max entities reached!
Max entities reached!
Max entities reached!
Max entities reached!
Max entities reached!
Max entities reached!
Max entities reached!
Max entities reached!
Max entities reached!
Max entities reached!
Max entities reached!
Max entities reached!
Max entities reached!
Max entities reached!
Max entities reached!
Max entities reached!
Max entities reached!
Max entities reached!
Max entities reached!
Max entities reached!
Max entities reached!
Max entities reached!
Max entities reached!
Max entities reached!
Max entities reached!
Max entities reached!
Max entities reached!
Max entities reached!
Max entities reached!
Max entities reached!
Max entities reached!
Max entities reached!
Max entities reached!
Max entities reached!
Max entities reached!
Max entities reached!
Max entities reached!
Max entities reached!
Max entities reached!
Max entities reached!
Max entities reached!
Max entities reached!
Max entities reached!
Max entities reached!
Max entities reached!
Max entities reached!
Max entities reached!
Max entities reached!
Max entities reached!
Max entities reached!
Max entities reached!
Max entities reached!
Max entities reached!
Max entities reached!
Max entities reached!
Max entities reached!
Max entities reached!
Max entities reached!
Max entities reached!
Max entities reached!
Max entities reached!
Max entities reached!
Max entities reached!
Max entities reached!
Max entities reached!
Max entities reached!
Max entities reached!
Max entities reached!
Max entities reached!
Max entities reached!
Max entities reached!
Max entities reached!
Max entities reached!
Max entities reached!
Max entities reached!
Max entities reached!
Max entities reached!
Max entities reached!
Max entities reached!
Max entities reached!
Max entities reached!
Max entities reached!
Max entities reached!
Max entities reached!
Max entities reached!
Max entities reached!
Max entities reached!
Max entities reached!
Max entities reached!
Max entities reached!
Max entities reached!
Max entities reached!
Max entities reached!
Max entities reached!
Max entities reached!
Max entities reached!
Max entities reached!
Max entities reached!
Max entities reached!
Max entities reached!
Max entities reached!
Max entities reached!
Max entities reached!
Max entities reached!
Max entities reached!
Max entities reached!
Max entities reached!
Max entities reached!
Max entities reached!
Max entities reached!
Max entities reached!
Max entities reached!
Max entities reached!
Max entities reached!
Max entities reached!
Max entities reached!
Max entities reached!
Max entities reached!
Max entities reached!
Max entities reached!
Max entities reached!
Max entities reached!
Max entities reached!
Max entities reached!
Max entities reached!
Max entities reached!
Max entities reached!
Max entities reached!
Max entities reached!
Max entities reached!
Max entities reached!
Max entities reached!
Max entities reached!
Max entities reached!
Max entities reached!
Max entities reached!
Max entities reached!
Max entities reached!
Max entities reached!
Max entities reached!
Max entities reached!
Max entities reached!
Max entities reached!
Max entities reached!
Max entities reached!
Max entities reached!
Max entities reached!
Max entities reached!
Max entities reached!
Max entities reached!
Max entities reached!
Max entities reached!
Max entities reached!
Max entities reached!
Max entities reached!
Max entities reached!
Max entities reached!
Max entities reached!
Max entities reached!
Max entities reached!
Max entities reached!
Max entities reached!
Max entities reached!
Max entities reached!
Max entities reached!
Max entities reached!
Max entities reached!
Max entities reached!
Max entities reached!
Max entities reached!
Max entities reached!
Max entities reached!
Max entities reached!
Max entities reached!
Max entities reached!
Max entities reached!
Max entities reached!
Max entities reached!
Max entities reached!
Max entities reached!
Max entities reached!
Max entities reached!
Max entities reached!
Max entities reached!
Max entities reached!
Max entities reached!
Max entities reached!
Max entities reached!
Max entities reached!
Max entities reached!
Max entities reached!
Max entities reached!
Max entities reached!
Max entities reached!
Max entities reached!
Max entities reached!
Max entities reached!
Max entities reached!
Max entities reached!
Max entities reached!
Max entities reached!
Max entities reached!
Max entities reached!
Max entities reached!
Max entities reached!
Max entities reached!
Max entities reached!
Max entities reached!
Max entities reached!
Max entities reached!
Max entities reached!
Max entities reached!
Max entities reached!
Max entities reached!
Max entities reached!
Max entities reached!
Max entities reached!
Max entities reached!
Max entities reached!
Max entities reached!
Max entities reached!
Max entities reached!
Max entities reached!
Max entities reached!
Max entities reached!
Max entities reached!
Max entities reached!
Max entities reached!
Max entities reached!
Max entities reached!
Max entities reached!
Max entities reached!
Max entities reached!
Max entities reached!
Max entities reached!
Max entities reached!
Max entities reached!
Max entities reached!
Max entities reached!
Max entities reached!
Max entities reached!
Max entities reached!
Max entities reached!
Max entities reached!
Max entities reached!
Max entities reached!
Max entities reached!
Max entities reached!
Max entities reached!
Max entities reached!
Max entities reached!
Max entities reached!
Max entities reached!
Max entities reached!
Max entities reached!
Max entities reached!
Max entities reached!
Max entities reached!
Max entities reached!
Max entities reached!
Max entities reached!
Max entities reached!
Max entities reached!
Max entities reached!
Max entities reached!
Max entities reached!
Max entities reached!
Max entities reached!
Max entities reached!
Max entities reached!
Max entities reached!
Max entities reached!
Max entities reached!
Max entities reached!
Max entities reached!
Max entities reached!
Max entities reached!
Max entities reached!
Max entities reached!
Max entities reached!
Max entities reached!
Max entities reached!
Max entities reached!
Max entities reached!
Max entities reached!
Max entities reached!
Max entities reached!
Max entities reached!
Max entities reached!
Max entities reached!
Max entities reached!
Max entities reached!
Max entities reached!
Max entities reached!
Max entities reached!
Max entities reached!
Max entities reached!
Max entities reached!
Max entities reached!
Max entities reached!
Max entities reached!
Max entities reached!
Max entities reached!
Max entities reached!
Max entities reached!
Max entities reached!
Max entities reached!
Max entities reached!
Max entities reached!
Max entities reached!
Max entities reached!
Max entities reached!
Max entities reached!
Max entities reached!
Max entities reached!
Max entities reached!
Max entities reached!
Max entities reached!
Max entities reached!
Max entities reached!
Max entities reached!
Max entities reached!
Max entities reached!
Max entities reached!
Max entities reached!
Max entities reached!
Max entities reached!
Max entities reached!
Max entities reached!
Max entities reached!
Max entities reached!
Max entities reached!
Max entities reached!
Max entities reached!
Max entities reached!
Max entities reached!
Max entities reached!
Max entities reached!
Max entities reached!
Max entities reached!
Max entities reached!
Max entities reached!
Max entities reached!
Max entities reached!
Max entities reached!
Max entities reached!
Max entities reached!
Max entities reached!
Max entities reached!
Max entities reached!
Max entities reached!
Max entities reached!
Max entities reached!
Max entities reached!
Max entities reached!
Max entities reached!
Max entities reached!
Max entities reached!
Max entities reached!
Max entities reached!
Max entities reached!
Max entities reached!
Max entities reached!
Max entities reached!
Max entities reached!
Max entities reached!
Max entities reached!
Max entities reached!
Max entities reached!
Max entities reached!
Max entities reached!
Max entities reached!
Max entities reached!
Max entities reached!
Max entities reached!
Max entities reached!
Max entities reached!
Max entities reached!
Max entities reached!
Max entities reached!
Max entities reached!
Max entities reached!
Max entities reached!
Max entities reached!
Max entities reached!
Max entities reached!
Max entities reached!
Max entities reached!
Max entities reached!
Max entities reached!
Max entities reached!
Max entities reached!
Max entities reached!
Max entities reached!
Max entities reached!
Max entities reached!
Max entities reached!
Max entities reached!
Max entities reached!
Max entities reached!
Max entities reached!
Max entities reached!
Max entities reached!
Max entities reached!
Max entities reached!
Max entities reached!
Max entities reached!
Max entities reached!
Max entities reached!
Max entities reached!
Max entities reached!
Max entities reached!
Max entities reached!
Max entities reached!
Max entities reached!
Max entities reached!
Max entities reached!
Max entities reached!
Max entities reached!
Max entities reached!
Max entities reached!
Max entities reached!
Max entities reached!
Max entities reached!
Max entities reached!
Max entities reached!
Max entities reached!
Max entities reached!
Max entities reached!
Max entities reached!
Max entities reached!
Max entities reached!
Max entities reached!
Max entities reached!
Max entities reached!
Max entities reached!
Max entities reached!
Max entities reached!
Max entities reached!
Max entities reached!
Max entities reached!
Max entities reached!
Max entities reached!
Max entities reached!
Max entities reached!
Max entities reached!
Max entities reached!
Max entities reached!
Max entities reached!
Max entities reached!
Max entities reached!
Max entities reached!
Max entities reached!
Max entities reached!
Max entities reached!
Max entities reached!
Max entities reached!
Max entities reached!
Max entities reached!
Max entities reached!
Max entities reached!
Max entities reached!
Max entities reached!
Max entities reached!
Max entities reached!
Max entities reached!
Max entities reached!
Max entities reached!
Max entities reached!
Max entities reached!
Max entities reached!
Max entities reached!
Max entities reached!
Max entities reached!
Max entities reached!
Max entities reached!
Max entities reached!
Max entities reached!
Max entities reached!
Max entities reached!
Max entities reached!
Max entities reached!
Max entities reached!
Max entities reached!
Max entities reached!
Max entities reached!
Max entities reached!
Max entities reached!
Max entities reached!
Max entities reached!
Max entities reached!
Max entities reached!
Max entities reached!
Max entities reached!
Max entities reached!
Max entities reached!
Max entities reached!
Max entities reached!
Max entities reached!
Max entities reached!
Max entities reached!
Max entities reached!
Max entities reached!
Max entities reached!
Max entities reached!
Max entities reached!
Max entities reached!
Max entities reached!
Max entities reached!
Max entities reached!
Max entities reached!
Max entities reached!
Max entities reached!
Max entities reached!
Max entities reached!
Max entities reached!
Max entities reached!
Max entities reached!
Max entities reached!
Max entities reached!
Max entities reached!
Max entities reached!
Max entities reached!
Max entities reached!
Max entities reached!
Max entities reached!
Max entities reached!
Max entities reached!
Max entities reached!
Max entities reached!
Max entities reached!
Max entities reached!
Max entities reached!
Max entities reached!
Max entities reached!
Max entities reached!
Max entities reached!
Max entities reached!
Max entities reached!
Max entities reached!
Max entities reached!
Max entities reached!
Max entities reached!
Max entities reached!
Max entities reached!
Max entities reached!
Max entities reached!
Max entities reached!
Max entities reached!
Max entities reached!
Max entities reached!
Max entities reached!
Max entities reached!
Max entities reached!
Max entities reached!
Max entities reached!
Max entities reached!
Max entities reached!
Max entities reached!
Max entities reached!
Max entities reached!
Max entities reached!
Max entities reached!
Max entities reached!
Max entities reached!
Max entities reached!
Max entities reached!
Max entities reached!
Max entities reached!
Max entities reached!
Max entities reached!
Max entities reached!
Max entities reached!
Max entities reached!
Max entities reached!
Max entities reached!
Max entities reached!
Max entities reached!
Max entities reached!
Max entities reached!
Max entities reached!
Max entities reached!
Max entities reached!
Max entities reached!
Max entities reached!
Max entities reached!
Max entities reached!
Max entities reached!
Max entities reached!
Max entities reached!
Max entities reached!
Max entities reached!
Max entities reached!
Max entities reached!
Max entities reached!
Max entities reached!
Max entities reached!
Max entities reached!
Max entities reached!
Max entities reached!
Max entities reached!
Max entities reached!
Max entities reached!
Max entities reached!
Max entities reached!
Max entities reached!
Max entities reached!
Max entities reached!
Max entities reached!
Max entities reached!
Max entities reached!
Max entities reached!
Max entities reached!
Max entities reached!
Max entities reached!
Max entities reached!
Max entities reached!
Max entities reached!
Max entities reached!
Max entities reached!
Max entities reached!
Max entities reached!
Max entities reached!
Max entities reached!
Max entities reached!
Max entities reached!
Max entities reached!
Max entities reached!
Max entities reached!
Max entities reached!
Max entities reached!
Max entities reached!
Max entities reached!
Max entities reached!
Max entities reached!
Max entities reached!
Max entities reached!
Max entities reached!
Max entities reached!
Max entities reached!
Max entities reached!
Max entities reached!
Max entities reached!
Max entities reached!
Max entities reached!
Max entities reached!
Max entities reached!
Max entities reached!
Max entities reached!
Max entities reached!
Max entities reached!
Max entities reached!
Max entities reached!
Max entities reached!
Max entities reached!
Max entities reached!
Max entities reached!
Max entities reached!
Max entities reached!
Max entities reached!
Max entities reached!
Max entities reached!
Max entities reached!
Max entities reached!
Max entities reached!
Max entities reached!
Max entities reached!
Max entities reached!
Max entities reached!
Max entities reached!
Max entities reached!
Max entities reached!
Max entities reached!
Max entities reached!
Max entities reached!
Max entities reached!
Max entities reached!
Max entities reached!
Max entities reached!
Max entities reached!
Max entities reached!
Max entities reached!
Max entities reached!
Max entities reached!
Max entities reached!
Max entities reached!
Max entities reached!
Max entities reached!
Max entities reached!
Max entities reached!
Max entities reached!
Max entities reached!
Max entities reached!
Max entities reached!
Max entities reached!
Max entities reached!
Max entities reached!
Max entities reached!
Max entities reached!
Max entities reached!
Max entities reached!
Max entities reached!
Max entities reached!
Max entities reached!
Max entities reached!
Max entities reached!
Max entities reached!
Max entities reached!
Max entities reached!
Max entities reached!
Max entities reached!
Max entities reached!
Max entities reached!
Max entities reached!
Max entities reached!
Max entities reached!
Max entities reached!
Max entities reached!
Max entities reached!
Max entities reached!
Max entities reached!
Max entities reached!
Max entities reached!
Max entities reached!
Max entities reached!
Max entities reached!
Max entities reached!
Max entities reached!
Max entities reached!
Max entities reached!
Max entities reached!
Max entities reached!
Max entities reached!
Max entities reached!
Max entities reached!
Max entities reached!
Max entities reached!
Max entities reached!
Max entities reached!
Max entities reached!
Max entities reached!
Max entities reached!
Max entities reached!
Max entities reached!
Max entities reached!
Max entities reached!
Max entities reached!
Max entities reached!
Max entities reached!
Max entities reached!
Max entities reached!
Max entities reached!
Max entities reached!
Max entities reached!
Max entities reached!
Max entities reached!
Max entities reached!
Max entities reached!
Max entities reached!
Max entities reached!
Max entities reached!
Max entities reached!
Max entities reached!
Max entities reached!
Max entities reached!
Max entities reached!
Max entities reached!
Max entities reached!
Max entities reached!
Max entities reached!
Max entities reached!
Max entities reached!
Max entities reached!
Max entities reached!
Max entities reached!
Max entities reached!
Max entities reached!
Max entities reached!
Max entities reached!
Max entities reached!
Max entities reached!
Max entities reached!
Max entities reached!
Max entities reached!
Max entities reached!
Max entities reached!
Max entities reached!
Max entities reached!
Max entities reached!
Max entities reached!
Max entities reached!
Max entities reached!
Max entities reached!
Max entities reached!
Max entities reached!
Max entities reached!
Max entities reached!
Max entities reached!
Max entities reached!
Max entities reached!
Max entities reached!
Max entities reached!
Max entities reached!
Max entities reached!
Max entities reached!
Max entities reached!
Max entities reached!
Max entities reached!
Max entities reached!
Max entities reached!
Max entities reached!
Max entities reached!
Max entities reached!
Max entities reached!
Max entities reached!
Max entities reached!
Max entities reached!
Max entities reached!
Max entities reached!
Max entities reached!
Max entities reached!
Max entities reached!
Max entities reached!
Max entities reached!
Max entities reached!
Max entities reached!
Max entities reached!
Max entities reached!
Max entities reached!
Max entities reached!
Max entities reached!
Max entities reached!
Max entities reached!
Max entities reached!
Max entities reached!
Max entities reached!
Max entities reached!
Max entities reached!
Max entities reached!
Max entities reached!
Max entities reached!
Max entities reached!
Max entities reached!
Max entities reached!
Max entities reached!
Max entities reached!
Max entities reached!
Max entities reached!
Max entities reached!
Max entities reached!
Max entities reached!
Max entities reached!
Max entities reached!
Max entities reached!
Max entities reached!
Max entities reached!
Max entities reached!
Max entities reached!
Max entities reached!
Max entities reached!
Max entities reached!
Max entities reached!
Max entities reached!
Max entities reached!
Max entities reached!
Max entities reached!
Max entities reached!
Max entities reached!
Max entities reached!
Simulated Sec 14 | Algae: 8694 | Sardine: 1132 | Crab: 20 | Shark: 20 | Total: 9988
COLLAPSE: Overpopulation!
X11Util.Display: Shutdown (JVM shutdown: true, open (no close attempt): 3/3, reusable (open, marked uncloseable): 0, pending (open in creation order): 3)
X11Util: Open X11 Display Connections: 3
X11Util: Open[0]: NamedX11Display[:1, 0x7f40344b6e40, refCount 1, unCloseable false]
X11Util: Open[1]: NamedX11Display[:1, 0x7f3edc001500, refCount 1, unCloseable false]
X11Util: Open[2]: NamedX11Display[:1, 0x7f3edc013f30, refCount 1, unCloseable false]
Finished.
