
=== LOADING SOUNDS ===
? ?m thanh: nhacnen.mp3
==== JavaSound Minim Error ====
==== Don't know the ID3 code TSSE

? ?m thanh: amthanhspawn.mp3
? ?m thanh: amthanhcull.mp3
==== JavaSound Minim Error ====
==== Don't know the ID3 code TSSE

? ?m thanh: amthanhbutton.mp3
=== SOUND LOADING DONE ===

? Kh?i ??ng nh?c n?n...
? Nh?c n?n ?ang ph?t (volume: 0.50)
Setup Done
Simulated Sec 1 | Algae: 1987 | Sardine: 199 | Crab: 15 | Shark: 9 | Total: 2211
Simulated Sec 2 | Algae: 1964 | Sardine: 200 | Crab: 15 | Shark: 10 | Total: 2191
Simulated Sec 3 | Algae: 1934 | Sardine: 200 | Crab: 15 | Shark: 12 | Total: 2166
Simulated Sec 4 | Algae: 1910 | Sardine: 198 | Crab: 15 | Shark: 13 | Total: 2144
Simulated Sec 5 | Algae: 1872 | Sardine: 202 | Crab: 15 | Shark: 14 | Total: 2114
Simulated Sec 6 | Algae: 1835 | Sardine: 211 | Crab: 15 | Shark: 15 | Total: 2088
Simulated Sec 7 | Algae: 1768 | Sardine: 223 | Crab: 15 | Shark: 15 | Total: 2034
Simulated Sec 8 | Algae: 1703 | Sardine: 229 | Crab: 15 | Shark: 15 | Total: 1975
Simulated Sec 9 | Algae: 1639 | Sardine: 240 | Crab: 15 | Shark: 15 | Total: 1922
Simulated Sec 10 | Algae: 1581 | Sardine: 245 | Crab: 15 | Shark: 15 | Total: 1869
Simulated Sec 11 | Algae: 1535 | Sardine: 257 | Crab: 15 | Shark: 15 | Total: 1836
Simulated Sec 12 | Algae: 1510 | Sardine: 199 | Crab: 15 | Shark: 15 | Total: 1814
Simulated Sec 13 | Algae: 1476 | Sardine: 199 | Crab: 15 | Shark: 15 | Total: 1786
Simulated Sec 14 | Algae: 1426 | Sardine: 203 | Crab: 15 | Shark: 15 | Total: 1746
Simulated Sec 15 | Algae: 1373 | Sardine: 210 | Crab: 15 | Shark: 15 | Total: 1709
Simulated Sec 16 | Algae: 1320 | Sardine: 217 | Crab: 15 | Shark: 15 | Total: 1665
Simulated Sec 17 | Algae: 1278 | Sardine: 227 | Crab: 15 | Shark: 15 | Total: 1634
Simulated Sec 18 | Algae: 1212 | Sardine: 246 | Crab: 15 | Shark: 15 | Total: 1588
Simulated Sec 19 | Algae: 1154 | Sardine: 263 | Crab: 15 | Shark: 15 | Total: 1548
Simulated Sec 20 | Algae: 1100 | Sardine: 276 | Crab: 15 | Shark: 15 | Total: 1508
Simulated Sec 21 | Algae: 1050 | Sardine: 286 | Crab: 15 | Shark: 15 | Total: 1470
Simulated Sec 22 | Algae: 984 | Sardine: 302 | Crab: 15 | Shark: 15 | Total: 1421
Simulated Sec 23 | Algae: 926 | Sardine: 312 | Crab: 15 | Shark: 15 | Total: 1378
Simulated Sec 24 | Algae: 876 | Sardine: 318 | Crab: 15 | Shark: 15 | Total: 1343
Simulated Sec 25 | Algae: 826 | Sardine: 328 | Crab: 15 | Shark: 15 | Total: 1310
Simulated Sec 26 | Algae: 774 | Sardine: 334 | Crab: 15 | Shark: 15 | Total: 1269
Simulated Sec 27 | Algae: 727 | Sardine: 338 | Crab: 15 | Shark: 15 | Total: 1233
Simulated Sec 28 | Algae: 684 | Sardine: 344 | Crab: 15 | Shark: 15 | Total: 1204
Simulated Sec 29 | Algae: 658 | Sardine: 346 | Crab: 15 | Shark: 15 | Total: 1182
Simulated Sec 30 | Algae: 612 | Sardine: 349 | Crab: 15 | Shark: 15 | Total: 1149
Simulated Sec 31 | Algae: 576 | Sardine: 348 | Crab: 15 | Shark: 15 | Total: 1123
Simulated Sec 32 | Algae: 550 | Sardine: 352 | Crab: 15 | Shark: 15 | Total: 1106
Simulated Sec 33 | Algae: 521 | Sardine: 348 | Crab: 15 | Shark: 15 | Total: 1087
Simulated Sec 34 | Algae: 491 | Sardine: 340 | Crab: 3 | Shark: 15 | Total: 1062
Simulated Sec 35 | Algae: 466 | Sardine: 340 | Crab: 3 | Shark: 15 | Total: 1043
Simulated Sec 36 | Algae: 428 | Sardine: 338 | Crab: 3 | Shark: 15 | Total: 1014
Simulated Sec 37 | Algae: 389 | Sardine: 337 | Crab: 3 | Shark: 15 | Total: 990
Simulated Sec 38 | Algae: 351 | Sardine: 341 | Crab: 3 | Shark: 15 | Total: 965
Simulated Sec 39 | Algae: 332 | Sardine: 331 | Crab: 3 | Shark: 15 | Total: 953
Simulated Sec 40 | Algae: 316 | Sardine: 319 | Crab: 3 | Shark: 15 | Total: 945
Simulated Sec 41 | Algae: 294 | Sardine: 304 | Crab: 3 | Shark: 15 | Total: 929
Simulated Sec 42 | Algae: 272 | Sardine: 303 | Crab: 3 | Shark: 15 | Total: 916
Simulated Sec 43 | Algae: 250 | Sardine: 295 | Crab: 3 | Shark: 15 | Total: 903
Simulated Sec 44 | Algae: 246 | Sardine: 275 | Crab: 3 | Shark: 15 | Total: 902
Simulated Sec 45 | Algae: 234 | Sardine: 250 | Crab: 3 | Shark: 15 | Total: 893
Simulated Sec 46 | Algae: 220 | Sardine: 243 | Crab: 3 | Shark: 15 | Total: 884
Simulated Sec 47 | Algae: 217 | Sardine: 231 | Crab: 3 | Shark: 15 | Total: 884
Simulated Sec 48 | Algae: 219 | Sardine: 221 | Crab: 3 | Shark: 15 | Total: 886
Simulated Sec 49 | Algae: 214 | Sardine: 204 | Crab: 3 | Shark: 15 | Total: 882
Simulated Sec 50 | Algae: 199 | Sardine: 201 | Crab: 3 | Shark: 15 | Total: 871
Simulated Sec 51 | Algae: 188 | Sardine: 188 | Crab: 3 | Shark: 15 | Total: 860
Simulated Sec 52 | Algae: 185 | Sardine: 172 | Crab: 3 | Shark: 15 | Total: 856
Simulated Sec 53 | Algae: 184 | Sardine: 150 | Crab: 3 | Shark: 15 | Total: 852
Simulated Sec 54 | Algae: 174 | Sardine: 141 | Crab: 3 | Shark: 15 | Total: 840
Simulated Sec 55 | Algae: 173 | Sardine: 135 | Crab: 3 | Shark: 15 | Total: 837
Simulated Sec 56 | Algae: 171 | Sardine: 125 | Crab: 3 | Shark: 15 | Total: 835
Simulated Sec 57 | Algae: 165 | Sardine: 118 | Crab: 3 | Shark: 15 | Total: 829
Simulated Sec 58 | Algae: 158 | Sardine: 108 | Crab: 3 | Shark: 15 | Total: 823
Simulated Sec 59 | Algae: 150 | Sardine: 97 | Crab: 3 | Shark: 15 | Total: 815
Simulated Sec 60 | Algae: 149 | Sardine: 87 | Crab: 3 | Shark: 15 | Total: 814
Simulated Sec 61 | Algae: 142 | Sardine: 81 | Crab: 3 | Shark: 15 | Total: 807
Simulated Sec 62 | Algae: 135 | Sardine: 78 | Crab: 3 | Shark: 15 | Total: 740
Simulated Sec 63 | Algae: 133 | Sardine: 78 | Crab: 3 | Shark: 15 | Total: 733
Simulated Sec 64 | Algae: 128 | Sardine: 72 | Crab: 3 | Shark: 15 | Total: 724
Simulated Sec 65 | Algae: 123 | Sardine: 72 | Crab: 3 | Shark: 15 | Total: 712
Simulated Sec 66 | Algae: 122 | Sardine: 68 | Crab: 2 | Shark: 15 | Total: 709
Simulated Sec 67 | Algae: 119 | Sardine: 65 | Crab: 2 | Shark: 15 | Total: 705
Simulated Sec 68 | Algae: 116 | Sardine: 66 | Crab: 1 | Shark: 13 | Total: 704
Simulated Sec 69 | Algae: 117 | Sardine: 62 | Crab: 1 | Shark: 13 | Total: 704
Simulated Sec 70 | Algae: 115 | Sardine: 55 | Crab: 1 | Shark: 13 | Total: 701
Simulated Sec 71 | Algae: 117 | Sardine: 54 | Crab: 1 | Shark: 12 | Total: 701
Simulated Sec 72 | Algae: 103 | Sardine: 52 | Crab: 1 | Shark: 12 | Total: 686
Simulated Sec 73 | Algae: 98 | Sardine: 50 | Crab: 1 | Shark: 12 | Total: 677
Simulated Sec 74 | Algae: 97 | Sardine: 48 | Crab: 1 | Shark: 12 | Total: 667
Simulated Sec 75 | Algae: 100 | Sardine: 45 | Crab: 1 | Shark: 12 | Total: 663
Simulated Sec 76 | Algae: 102 | Sardine: 41 | Crab: 1 | Shark: 11 | Total: 661
Simulated Sec 77 | Algae: 103 | Sardine: 39 | Crab: 0 | Shark: 11 | Total: 655
COLLAPSE: Species extinct!
X11Util.Display: Shutdown (JVM shutdown: true, open (no close attempt): 3/3, reusable (open, marked uncloseable): 0, pending (open in creation order): 3)
X11Util: Open X11 Display Connections: 3
X11Util: Open[0]: NamedX11Display[:1, 0x7fd04082f610, refCount 1, unCloseable false]
X11Util: Open[1]: NamedX11Display[:1, 0x7fcee0001500, refCount 1, unCloseable false]
X11Util: Open[2]: NamedX11Display[:1, 0x7fcee0013f50, refCount 1, unCloseable false]
Finished.
