
=== LOADING SOUNDS ===
? ?m thanh: nhacnen.mp3
==== JavaSound Minim Error ====
==== Don't know the ID3 code TSSE

? ?m thanh: amthanhspawn.mp3
? ?m thanh: amthanhcull.mp3
==== JavaSound Minim Error ====
==== Don't know the ID3 code TSSE

? ?m thanh: amthanhbutton.mp3
=== SOUND LOADING DONE ===

? Kh?i ??ng nh?c n?n...
? Nh?c n?n ?ang ph?t (volume: 0.50)
Setup Done
Simulated Sec 1 | Algae: 998 | Sardine: 100 | Crab: 20 | Shark: 6 | Total: 1124
Simulated Sec 2 | Algae: 984 | Sardine: 100 | Crab: 20 | Shark: 6 | Total: 1110
Simulated Sec 3 | Algae: 968 | Sardine: 101 | Crab: 20 | Shark: 6 | Total: 1095
Simulated Sec 4 | Algae: 950 | Sardine: 105 | Crab: 20 | Shark: 6 | Total: 1082
Simulated Sec 5 | Algae: 938 | Sardine: 104 | Crab: 20 | Shark: 6 | Total: 1070
Simulated Sec 6 | Algae: 914 | Sardine: 111 | Crab: 20 | Shark: 6 | Total: 1054
Simulated Sec 7 | Algae: 901 | Sardine: 114 | Crab: 20 | Shark: 6 | Total: 1044
Simulated Sec 8 | Algae: 873 | Sardine: 119 | Crab: 20 | Shark: 6 | Total: 1022
Simulated Sec 9 | Algae: 863 | Sardine: 121 | Crab: 20 | Shark: 6 | Total: 1015
Simulated Sec 10 | Algae: 1069 | Sardine: 126 | Crab: 20 | Shark: 6 | Total: 1226
Simulated Sec 11 | Algae: 1262 | Sardine: 133 | Crab: 20 | Shark: 6 | Total: 1426
Simulated Sec 12 | Algae: 1421 | Sardine: 96 | Crab: 21 | Shark: 6 | Total: 1590
Simulated Sec 13 | Algae: 1552 | Sardine: 88 | Crab: 25 | Shark: 6 | Total: 1721
Simulated Sec 14 | Algae: 1592 | Sardine: 94 | Crab: 25 | Shark: 6 | Total: 1767
Simulated Sec 15 | Algae: 1579 | Sardine: 96 | Crab: 25 | Shark: 6 | Total: 1756
Simulated Sec 16 | Algae: 1571 | Sardine: 99 | Crab: 25 | Shark: 6 | Total: 1751
Simulated Sec 17 | Algae: 1563 | Sardine: 101 | Crab: 25 | Shark: 6 | Total: 1745
Simulated Sec 18 | Algae: 1546 | Sardine: 107 | Crab: 25 | Shark: 6 | Total: 1735
Simulated Sec 19 | Algae: 1710 | Sardine: 109 | Crab: 28 | Shark: 6 | Total: 1904
Simulated Sec 20 | Algae: 1887 | Sardine: 113 | Crab: 29 | Shark: 6 | Total: 2088
Simulated Sec 21 | Algae: 2070 | Sardine: 114 | Crab: 29 | Shark: 6 | Total: 2276
Simulated Sec 22 | Algae: 2234 | Sardine: 118 | Crab: 29 | Shark: 6 | Total: 2444
Simulated Sec 23 | Algae: 2404 | Sardine: 124 | Crab: 29 | Shark: 6 | Total: 2621
Simulated Sec 24 | Algae: 2528 | Sardine: 129 | Crab: 29 | Shark: 6 | Total: 2750
Simulated Sec 25 | Algae: 2634 | Sardine: 140 | Crab: 29 | Shark: 6 | Total: 2871
Simulated Sec 26 | Algae: 2729 | Sardine: 142 | Crab: 31 | Shark: 6 | Total: 2972
Simulated Sec 27 | Algae: 2782 | Sardine: 153 | Crab: 31 | Shark: 6 | Total: 3040
Simulated Sec 28 | Algae: 2913 | Sardine: 166 | Crab: 32 | Shark: 6 | Total: 3189
Simulated Sec 29 | Algae: 3125 | Sardine: 166 | Crab: 32 | Shark: 6 | Total: 3411
Simulated Sec 30 | Algae: 3295 | Sardine: 169 | Crab: 32 | Shark: 6 | Total: 3596
Simulated Sec 31 | Algae: 3428 | Sardine: 190 | Crab: 33 | Shark: 6 | Total: 3755
Simulated Sec 32 | Algae: 3673 | Sardine: 199 | Crab: 36 | Shark: 6 | Total: 4014
Simulated Sec 33 | Algae: 3811 | Sardine: 202 | Crab: 37 | Shark: 6 | Total: 4160
Simulated Sec 34 | Algae: 3949 | Sardine: 219 | Crab: 37 | Shark: 6 | Total: 4320
Simulated Sec 35 | Algae: 4118 | Sardine: 229 | Crab: 37 | Shark: 6 | Total: 4506
Simulated Sec 36 | Algae: 4182 | Sardine: 248 | Crab: 37 | Shark: 6 | Total: 4594
Simulated Sec 37 | Algae: 4418 | Sardine: 268 | Crab: 40 | Shark: 6 | Total: 4849
Simulated Sec 38 | Algae: 4814 | Sardine: 285 | Crab: 40 | Shark: 6 | Total: 5263
Simulated Sec 39 | Algae: 5199 | Sardine: 291 | Crab: 41 | Shark: 6 | Total: 5657
Simulated Sec 40 | Algae: 5507 | Sardine: 321 | Crab: 42 | Shark: 6 | Total: 6002
Simulated Sec 41 | Algae: 5783 | Sardine: 351 | Crab: 42 | Shark: 6 | Total: 6308
Simulated Sec 42 | Algae: 5992 | Sardine: 396 | Crab: 42 | Shark: 6 | Total: 6563
Simulated Sec 43 | Algae: 6246 | Sardine: 433 | Crab: 42 | Shark: 6 | Total: 6860
Simulated Sec 44 | Algae: 6177 | Sardine: 523 | Crab: 42 | Shark: 6 | Total: 6885
Simulated Sec 45 | Algae: 6254 | Sardine: 577 | Crab: 44 | Shark: 6 | Total: 7028
Simulated Sec 46 | Algae: 6296 | Sardine: 668 | Crab: 44 | Shark: 6 | Total: 7172
Simulated Sec 47 | Algae: 6746 | Sardine: 772 | Crab: 45 | Shark: 6 | Total: 7730
Simulated Sec 48 | Algae: 7048 | Sardine: 842 | Crab: 47 | Shark: 6 | Total: 8112
Simulated Sec 49 | Algae: 7337 | Sardine: 904 | Crab: 47 | Shark: 6 | Total: 8473
Simulated Sec 50 | Algae: 7604 | Sardine: 955 | Crab: 49 | Shark: 6 | Total: 8817
Simulated Sec 51 | Algae: 7416 | Sardine: 1105 | Crab: 49 | Shark: 6 | Total: 8804
Simulated Sec 52 | Algae: 7240 | Sardine: 1351 | Crab: 53 | Shark: 6 | Total: 8880
Simulated Sec 53 | Algae: 7066 | Sardine: 1545 | Crab: 58 | Shark: 6 | Total: 8915
Simulated Sec 54 | Algae: 7007 | Sardine: 1649 | Crab: 58 | Shark: 6 | Total: 8976
Simulated Sec 55 | Algae: 6786 | Sardine: 1735 | Crab: 58 | Shark: 6 | Total: 8863
Simulated Sec 56 | Algae: 7067 | Sardine: 1856 | Crab: 59 | Shark: 6 | Total: 9275
Simulated Sec 57 | Algae: 7271 | Sardine: 1998 | Crab: 60 | Shark: 6 | Total: 9640
COLLAPSE: Overpopulation!
X11Util.Display: Shutdown (JVM shutdown: true, open (no close attempt): 3/3, reusable (open, marked uncloseable): 0, pending (open in creation order): 3)
X11Util: Open X11 Display Connections: 3
X11Util: Open[0]: NamedX11Display[:1, 0x7ff9348a0d60, refCount 1, unCloseable false]
X11Util: Open[1]: NamedX11Display[:1, 0x7ff7d8001500, refCount 1, unCloseable false]
X11Util: Open[2]: NamedX11Display[:1, 0x7ff7d8013ea0, refCount 1, unCloseable false]
Finished.
