
=== LOADING SOUNDS ===
? ?m thanh: nhacnen.mp3
==== JavaSound Minim Error ====
==== Don't know the ID3 code TSSE

? ?m thanh: amthanhspawn.mp3
? ?m thanh: amthanhcull.mp3
==== JavaSound Minim Error ====
==== Don't know the ID3 code TSSE

? ?m thanh: amthanhbutton.mp3
=== SOUND LOADING DONE ===

? Kh?i ??ng nh?c n?n...
? Nh?c n?n ?ang ph?t (volume: 0.50)
Setup Done
Simulated Sec 1 | Algae: 3850 | Sardine: 426 | Crab: 20 | Shark: 5 | Total: 4301
Simulated Sec 2 | Algae: 3666 | Sardine: 484 | Crab: 20 | Shark: 8 | Total: 4181
Simulated Sec 3 | Algae: 3435 | Sardine: 568 | Crab: 20 | Shark: 8 | Total: 4034
Simulated Sec 4 | Algae: 3109 | Sardine: 695 | Crab: 20 | Shark: 8 | Total: 3836
Simulated Sec 5 | Algae: 2673 | Sardine: 902 | Crab: 20 | Shark: 8 | Total: 3608
Simulated Sec 6 | Algae: 3088 | Sardine: 1180 | Crab: 20 | Shark: 8 | Total: 4301
Simulated Sec 7 | Algae: 3219 | Sardine: 1385 | Crab: 20 | Shark: 8 | Total: 4639
Simulated Sec 8 | Algae: 2997 | Sardine: 1571 | Crab: 20 | Shark: 8 | Total: 4604
Simulated Sec 9 | Algae: 2526 | Sardine: 1731 | Crab: 20 | Shark: 8 | Total: 4296
Simulated Sec 10 | Algae: 2244 | Sardine: 1842 | Crab: 20 | Shark: 8 | Total: 4126
Simulated Sec 11 | Algae: 2054 | Sardine: 1920 | Crab: 20 | Shark: 8 | Total: 4015
Simulated Sec 12 | Algae: 2328 | Sardine: 1905 | Crab: 20 | Shark: 8 | Total: 4397
Simulated Sec 13 | Algae: 2382 | Sardine: 2011 | Crab: 20 | Shark: 8 | Total: 4595
Simulated Sec 14 | Algae: 2340 | Sardine: 2159 | Crab: 20 | Shark: 8 | Total: 4716
Simulated Sec 15 | Algae: 2076 | Sardine: 2316 | Crab: 20 | Shark: 8 | Total: 4623
Simulated Sec 16 | Algae: 1790 | Sardine: 2460 | Crab: 20 | Shark: 8 | Total: 4500
Simulated Sec 17 | Algae: 1528 | Sardine: 2583 | Crab: 20 | Shark: 8 | Total: 4380
Simulated Sec 18 | Algae: 1385 | Sardine: 2705 | Crab: 20 | Shark: 8 | Total: 4428
Simulated Sec 19 | Algae: 868 | Sardine: 2865 | Crab: 20 | Shark: 8 | Total: 4158
Simulated Sec 20 | Algae: 223 | Sardine: 3046 | Crab: 20 | Shark: 8 | Total: 3771
Simulated Sec 21 | Algae: 110 | Sardine: 3010 | Crab: 20 | Shark: 8 | Total: 3703
Simulated Sec 22 | Algae: 110 | Sardine: 2899 | Crab: 20 | Shark: 8 | Total: 3701
Simulated Sec 23 | Algae: 184 | Sardine: 2750 | Crab: 20 | Shark: 8 | Total: 3774
Simulated Sec 24 | Algae: 210 | Sardine: 2578 | Crab: 20 | Shark: 8 | Total: 3795
Simulated Sec 25 | Algae: 210 | Sardine: 2398 | Crab: 20 | Shark: 8 | Total: 3791
Simulated Sec 26 | Algae: 210 | Sardine: 2169 | Crab: 20 | Shark: 8 | Total: 3788
Simulated Sec 27 | Algae: 212 | Sardine: 1995 | Crab: 20 | Shark: 8 | Total: 3787
Simulated Sec 28 | Algae: 213 | Sardine: 1840 | Crab: 20 | Shark: 8 | Total: 3786
Simulated Sec 29 | Algae: 404 | Sardine: 1713 | Crab: 20 | Shark: 8 | Total: 3972
Simulated Sec 30 | Algae: 417 | Sardine: 1547 | Crab: 20 | Shark: 8 | Total: 3978
Simulated Sec 31 | Algae: 419 | Sardine: 1339 | Crab: 20 | Shark: 8 | Total: 3971
Simulated Sec 32 | Algae: 419 | Sardine: 1099 | Crab: 20 | Shark: 8 | Total: 3961
Simulated Sec 33 | Algae: 417 | Sardine: 918 | Crab: 20 | Shark: 8 | Total: 3955
Simulated Sec 34 | Algae: 410 | Sardine: 813 | Crab: 20 | Shark: 8 | Total: 3947
Simulated Sec 35 | Algae: 796 | Sardine: 705 | Crab: 20 | Shark: 7 | Total: 4330
Simulated Sec 36 | Algae: 808 | Sardine: 581 | Crab: 20 | Shark: 7 | Total: 4337
Simulated Sec 37 | Algae: 812 | Sardine: 404 | Crab: 20 | Shark: 7 | Total: 4339
Simulated Sec 38 | Algae: 812 | Sardine: 227 | Crab: 20 | Shark: 7 | Total: 4329
Simulated Sec 39 | Algae: 812 | Sardine: 100 | Crab: 20 | Shark: 7 | Total: 4323
Simulated Sec 40 | Algae: 872 | Sardine: 25 | Crab: 20 | Shark: 7 | Total: 4378
Simulated Sec 41 | Algae: 1588 | Sardine: 10 | Crab: 20 | Shark: 7 | Total: 5088
Simulated Sec 42 | Algae: 1608 | Sardine: 9 | Crab: 20 | Shark: 7 | Total: 5102
Simulated Sec 43 | Algae: 1624 | Sardine: 8 | Crab: 20 | Shark: 7 | Total: 5107
Simulated Sec 44 | Algae: 1624 | Sardine: 8 | Crab: 20 | Shark: 7 | Total: 5105
Simulated Sec 45 | Algae: 1624 | Sardine: 8 | Crab: 20 | Shark: 6 | Total: 5101
Simulated Sec 46 | Algae: 1923 | Sardine: 4 | Crab: 20 | Shark: 6 | Total: 5399
Simulated Sec 47 | Algae: 3169 | Sardine: 4 | Crab: 20 | Shark: 6 | Total: 6642
Simulated Sec 48 | Algae: 3213 | Sardine: 2 | Crab: 20 | Shark: 6 | Total: 6680
Simulated Sec 49 | Algae: 3232 | Sardine: 2 | Crab: 20 | Shark: 6 | Total: 6698
Simulated Sec 50 | Algae: 3248 | Sardine: 2 | Crab: 20 | Shark: 6 | Total: 6714
Simulated Sec 51 | Algae: 3248 | Sardine: 2 | Crab: 20 | Shark: 6 | Total: 6714
Simulated Sec 52 | Algae: 4537 | Sardine: 2 | Crab: 20 | Shark: 6 | Total: 8000
Simulated Sec 53 | Algae: 6341 | Sardine: 0 | Crab: 20 | Shark: 5 | Total: 9804
COLLAPSE: Species extinct!
COLLAPSE: Overpopulation!
X11Util.Display: Shutdown (JVM shutdown: true, open (no close attempt): 3/3, reusable (open, marked uncloseable): 0, pending (open in creation order): 3)
X11Util: Open X11 Display Connections: 3
X11Util: Open[0]: NamedX11Display[:1, 0x7fe26886eee0, refCount 1, unCloseable false]
X11Util: Open[1]: NamedX11Display[:1, 0x7fe104001500, refCount 1, unCloseable false]
X11Util: Open[2]: NamedX11Display[:1, 0x7fe104013dd0, refCount 1, unCloseable false]
Finished.
