
=== LOADING SOUNDS ===
? ?m thanh: nhacnen.mp3
==== JavaSound Minim Error ====
==== Don't know the ID3 code TSSE

? ?m thanh: amthanhspawn.mp3
? ?m thanh: amthanhcull.mp3
==== JavaSound Minim Error ====
==== Don't know the ID3 code TSSE

? ?m thanh: amthanhbutton.mp3
=== SOUND LOADING DONE ===

? Kh?i ??ng nh?c n?n...
? Nh?c n?n ?ang ph?t (volume: 0.50)
Setup Done
Simulated Sec 1 | Algae: 2942 | Sardine: 209 | Crab: 40 | Shark: 10 | Total: 3201
Simulated Sec 2 | Algae: 2850 | Sardine: 235 | Crab: 40 | Shark: 10 | Total: 3137
Simulated Sec 3 | Algae: 2741 | Sardine: 271 | Crab: 40 | Shark: 10 | Total: 3064
Simulated Sec 4 | Algae: 4569 | Sardine: 340 | Crab: 40 | Shark: 10 | Total: 4962
Simulated Sec 5 | Algae: 4826 | Sardine: 424 | Crab: 40 | Shark: 10 | Total: 5306
Simulated Sec 6 | Algae: 4336 | Sardine: 578 | Crab: 40 | Shark: 10 | Total: 4972
Simulated Sec 7 | Algae: 3663 | Sardine: 826 | Crab: 40 | Shark: 10 | Total: 4547
Simulated Sec 8 | Algae: 2945 | Sardine: 1091 | Crab: 40 | Shark: 10 | Total: 4094
Simulated Sec 9 | Algae: 3130 | Sardine: 1261 | Crab: 40 | Shark: 10 | Total: 4449
Simulated Sec 10 | Algae: 3173 | Sardine: 1406 | Crab: 40 | Shark: 10 | Total: 4637
Simulated Sec 11 | Algae: 3171 | Sardine: 1539 | Crab: 40 | Shark: 10 | Total: 4768
Simulated Sec 12 | Algae: 3219 | Sardine: 1624 | Crab: 40 | Shark: 10 | Total: 4904
Simulated Sec 13 | Algae: 2992 | Sardine: 1753 | Crab: 40 | Shark: 10 | Total: 4806
Simulated Sec 14 | Algae: 2740 | Sardine: 1870 | Crab: 40 | Shark: 10 | Total: 4704
Simulated Sec 15 | Algae: 2829 | Sardine: 2008 | Crab: 41 | Shark: 10 | Total: 4952
Simulated Sec 16 | Algae: 2528 | Sardine: 2216 | Crab: 49 | Shark: 10 | Total: 4877
Simulated Sec 17 | Algae: 2125 | Sardine: 2400 | Crab: 49 | Shark: 10 | Total: 4661
Simulated Sec 18 | Algae: 1686 | Sardine: 2601 | Crab: 50 | Shark: 10 | Total: 4432
Simulated Sec 19 | Algae: 1249 | Sardine: 2770 | Crab: 50 | Shark: 10 | Total: 4176
Simulated Sec 20 | Algae: 1249 | Sardine: 2858 | Crab: 51 | Shark: 10 | Total: 4289
Simulated Sec 21 | Algae: 967 | Sardine: 2949 | Crab: 53 | Shark: 10 | Total: 4134
Simulated Sec 22 | Algae: 577 | Sardine: 3052 | Crab: 57 | Shark: 10 | Total: 3891
Simulated Sec 23 | Algae: 372 | Sardine: 3054 | Crab: 63 | Shark: 10 | Total: 3765
Simulated Sec 24 | Algae: 316 | Sardine: 3009 | Crab: 64 | Shark: 10 | Total: 3737
Simulated Sec 25 | Algae: 338 | Sardine: 2910 | Crab: 65 | Shark: 10 | Total: 3760
Simulated Sec 26 | Algae: 457 | Sardine: 2805 | Crab: 71 | Shark: 10 | Total: 3881
Simulated Sec 27 | Algae: 462 | Sardine: 2706 | Crab: 74 | Shark: 10 | Total: 3887
Simulated Sec 28 | Algae: 478 | Sardine: 2593 | Crab: 80 | Shark: 10 | Total: 3905
Simulated Sec 29 | Algae: 373 | Sardine: 2484 | Crab: 91 | Shark: 10 | Total: 3840
Simulated Sec 30 | Algae: 360 | Sardine: 2292 | Crab: 110 | Shark: 10 | Total: 3837
Simulated Sec 31 | Algae: 672 | Sardine: 2049 | Crab: 128 | Shark: 10 | Total: 4155
Simulated Sec 32 | Algae: 671 | Sardine: 1853 | Crab: 138 | Shark: 10 | Total: 4157
Simulated Sec 33 | Algae: 695 | Sardine: 1658 | Crab: 182 | Shark: 10 | Total: 4196
Simulated Sec 34 | Algae: 701 | Sardine: 1488 | Crab: 257 | Shark: 10 | Total: 4214
Simulated Sec 35 | Algae: 709 | Sardine: 1297 | Crab: 319 | Shark: 10 | Total: 4236
Simulated Sec 36 | Algae: 790 | Sardine: 1096 | Crab: 380 | Shark: 10 | Total: 4337
Simulated Sec 37 | Algae: 1317 | Sardine: 908 | Crab: 522 | Shark: 10 | Total: 4908
Simulated Sec 38 | Algae: 1341 | Sardine: 796 | Crab: 819 | Shark: 10 | Total: 5024
Simulated Sec 39 | Algae: 1389 | Sardine: 692 | Crab: 967 | Shark: 10 | Total: 5117
Simulated Sec 40 | Algae: 1401 | Sardine: 587 | Crab: 1008 | Shark: 10 | Total: 5137
Simulated Sec 41 | Algae: 1433 | Sardine: 481 | Crab: 1052 | Shark: 10 | Total: 5181
Simulated Sec 42 | Algae: 2461 | Sardine: 388 | Crab: 1098 | Shark: 10 | Total: 6225
Simulated Sec 43 | Algae: 2590 | Sardine: 300 | Crab: 1134 | Shark: 10 | Total: 6364
Simulated Sec 44 | Algae: 2674 | Sardine: 199 | Crab: 1176 | Shark: 10 | Total: 6455
Simulated Sec 45 | Algae: 2778 | Sardine: 133 | Crab: 1216 | Shark: 10 | Total: 6570
Simulated Sec 46 | Algae: 2799 | Sardine: 83 | Crab: 1265 | Shark: 10 | Total: 6600
Simulated Sec 47 | Algae: 3229 | Sardine: 61 | Crab: 1343 | Shark: 10 | Total: 7054
Simulated Sec 48 | Algae: 5063 | Sardine: 56 | Crab: 1398 | Shark: 8 | Total: 8904
Simulated Sec 49 | Algae: 5015 | Sardine: 57 | Crab: 1451 | Shark: 8 | Total: 8880
Simulated Sec 50 | Algae: 5037 | Sardine: 52 | Crab: 1541 | Shark: 8 | Total: 8930
Simulated Sec 51 | Algae: 5427 | Sardine: 46 | Crab: 1596 | Shark: 6 | Total: 9333
Simulated Sec 52 | Algae: 5662 | Sardine: 42 | Crab: 1619 | Shark: 6 | Total: 9572
COLLAPSE: Overpopulation!
X11Util.Display: Shutdown (JVM shutdown: true, open (no close attempt): 3/3, reusable (open, marked uncloseable): 0, pending (open in creation order): 3)
X11Util: Open X11 Display Connections: 3
X11Util: Open[0]: NamedX11Display[:1, 0x7f3788828560, refCount 1, unCloseable false]
X11Util: Open[1]: NamedX11Display[:1, 0x7f3628001500, refCount 1, unCloseable false]
X11Util: Open[2]: NamedX11Display[:1, 0x7f3628013ea0, refCount 1, unCloseable false]
Finished.
