
=== LOADING SOUNDS ===
? ?m thanh: nhacnen.mp3
==== JavaSound Minim Error ====
==== Don't know the ID3 code TSSE

? ?m thanh: amthanhspawn.mp3
? ?m thanh: amthanhcull.mp3
==== JavaSound Minim Error ====
==== Don't know the ID3 code TSSE

? ?m thanh: amthanhbutton.mp3
=== SOUND LOADING DONE ===

? Kh?i ??ng nh?c n?n...
? Nh?c n?n ?ang ph?t (volume: 0.50)
Setup Done
Simulated Sec 1 | Algae: 1963 | Sardine: 200 | Crab: 20 | Shark: 3 | Total: 2186
Simulated Sec 2 | Algae: 1929 | Sardine: 202 | Crab: 20 | Shark: 3 | Total: 2154
Simulated Sec 3 | Algae: 1870 | Sardine: 212 | Crab: 20 | Shark: 3 | Total: 2106
Simulated Sec 4 | Algae: 1819 | Sardine: 133 | Crab: 20 | Shark: 3 | Total: 2060
Simulated Sec 5 | Algae: 1752 | Sardine: 107 | Crab: 20 | Shark: 3 | Total: 2004
Simulated Sec 6 | Algae: 1694 | Sardine: 104 | Crab: 20 | Shark: 3 | Total: 1956
Simulated Sec 7 | Algae: 1646 | Sardine: 113 | Crab: 20 | Shark: 3 | Total: 1916
Simulated Sec 8 | Algae: 1580 | Sardine: 123 | Crab: 20 | Shark: 3 | Total: 1861
Simulated Sec 9 | Algae: 1532 | Sardine: 123 | Crab: 20 | Shark: 3 | Total: 1825
Simulated Sec 10 | Algae: 1483 | Sardine: 128 | Crab: 20 | Shark: 3 | Total: 1783
Simulated Sec 11 | Algae: 1424 | Sardine: 138 | Crab: 20 | Shark: 3 | Total: 1736
Simulated Sec 12 | Algae: 1370 | Sardine: 137 | Crab: 20 | Shark: 3 | Total: 1693
Simulated Sec 13 | Algae: 1315 | Sardine: 148 | Crab: 20 | Shark: 3 | Total: 1654
Simulated Sec 14 | Algae: 1266 | Sardine: 162 | Crab: 20 | Shark: 3 | Total: 1616
Simulated Sec 15 | Algae: 1197 | Sardine: 170 | Crab: 20 | Shark: 3 | Total: 1559
Simulated Sec 16 | Algae: 1365 | Sardine: 176 | Crab: 20 | Shark: 3 | Total: 1742
Simulated Sec 17 | Algae: 1485 | Sardine: 166 | Crab: 20 | Shark: 3 | Total: 1865
Simulated Sec 18 | Algae: 1556 | Sardine: 161 | Crab: 20 | Shark: 3 | Total: 1940
Simulated Sec 19 | Algae: 1613 | Sardine: 163 | Crab: 20 | Shark: 3 | Total: 2005
Simulated Sec 20 | Algae: 1670 | Sardine: 154 | Crab: 20 | Shark: 3 | Total: 2070
Simulated Sec 21 | Algae: 1737 | Sardine: 142 | Crab: 20 | Shark: 3 | Total: 2139
Simulated Sec 22 | Algae: 1778 | Sardine: 134 | Crab: 20 | Shark: 3 | Total: 2188
Simulated Sec 23 | Algae: 1827 | Sardine: 133 | Crab: 20 | Shark: 3 | Total: 2245
Simulated Sec 24 | Algae: 1838 | Sardine: 127 | Crab: 20 | Shark: 3 | Total: 2264
Simulated Sec 25 | Algae: 1806 | Sardine: 107 | Crab: 20 | Shark: 3 | Total: 2234
Simulated Sec 26 | Algae: 1771 | Sardine: 103 | Crab: 20 | Shark: 3 | Total: 2207
Simulated Sec 27 | Algae: 1725 | Sardine: 101 | Crab: 20 | Shark: 3 | Total: 2171
Simulated Sec 28 | Algae: 1682 | Sardine: 98 | Crab: 20 | Shark: 3 | Total: 2134
Simulated Sec 29 | Algae: 1615 | Sardine: 114 | Crab: 20 | Shark: 3 | Total: 2086
Simulated Sec 30 | Algae: 1558 | Sardine: 111 | Crab: 20 | Shark: 3 | Total: 2039
Simulated Sec 31 | Algae: 1511 | Sardine: 124 | Crab: 20 | Shark: 3 | Total: 2007
Simulated Sec 32 | Algae: 1520 | Sardine: 149 | Crab: 20 | Shark: 3 | Total: 2040
Simulated Sec 33 | Algae: 1606 | Sardine: 147 | Crab: 20 | Shark: 3 | Total: 2132
Simulated Sec 34 | Algae: 1605 | Sardine: 166 | Crab: 20 | Shark: 3 | Total: 2153
Simulated Sec 35 | Algae: 1608 | Sardine: 186 | Crab: 20 | Shark: 3 | Total: 2175
Simulated Sec 36 | Algae: 1573 | Sardine: 195 | Crab: 20 | Shark: 2 | Total: 2155
Simulated Sec 37 | Algae: 1536 | Sardine: 210 | Crab: 20 | Shark: 2 | Total: 2139
Simulated Sec 38 | Algae: 1481 | Sardine: 216 | Crab: 20 | Shark: 2 | Total: 2100
Simulated Sec 39 | Algae: 1426 | Sardine: 222 | Crab: 20 | Shark: 2 | Total: 2063
Simulated Sec 40 | Algae: 1356 | Sardine: 238 | Crab: 20 | Shark: 2 | Total: 2018
Simulated Sec 41 | Algae: 1357 | Sardine: 242 | Crab: 20 | Shark: 2 | Total: 2035
Simulated Sec 42 | Algae: 1311 | Sardine: 236 | Crab: 20 | Shark: 2 | Total: 1994
Simulated Sec 43 | Algae: 1252 | Sardine: 229 | Crab: 20 | Shark: 1 | Total: 1947
Simulated Sec 44 | Algae: 1219 | Sardine: 222 | Crab: 20 | Shark: 1 | Total: 1925
Simulated Sec 45 | Algae: 1163 | Sardine: 236 | Crab: 20 | Shark: 0 | Total: 1893
COLLAPSE: Species extinct!
X11Util.Display: Shutdown (JVM shutdown: true, open (no close attempt): 3/3, reusable (open, marked uncloseable): 0, pending (open in creation order): 3)
X11Util: Open X11 Display Connections: 3
X11Util: Open[0]: NamedX11Display[:1, 0x7f8acc4f6b00, refCount 1, unCloseable false]
X11Util: Open[1]: NamedX11Display[:1, 0x7f8968001500, refCount 1, unCloseable false]
X11Util: Open[2]: NamedX11Display[:1, 0x7f8968013f30, refCount 1, unCloseable false]
Finished.
