
=== LOADING SOUNDS ===
? ?m thanh: nhacnen.mp3
==== JavaSound Minim Error ====
==== Don't know the ID3 code TSSE

? ?m thanh: amthanhspawn.mp3
? ?m thanh: amthanhcull.mp3
==== JavaSound Minim Error ====
==== Don't know the ID3 code TSSE

? ?m thanh: amthanhbutton.mp3
=== SOUND LOADING DONE ===

? Kh?i ??ng nh?c n?n...
? Nh?c n?n ?ang ph?t (volume: 0.50)
Setup Done
Simulated Sec 1 | Algae: 1932 | Sardine: 209 | Crab: 20 | Shark: 4 | Total: 2166
Simulated Sec 2 | Algae: 1867 | Sardine: 233 | Crab: 20 | Shark: 4 | Total: 2125
Simulated Sec 3 | Algae: 1787 | Sardine: 251 | Crab: 20 | Shark: 4 | Total: 2063
Simulated Sec 4 | Algae: 1663 | Sardine: 273 | Crab: 20 | Shark: 5 | Total: 1964
Simulated Sec 5 | Algae: 1518 | Sardine: 307 | Crab: 20 | Shark: 5 | Total: 1854
Simulated Sec 6 | Algae: 1383 | Sardine: 345 | Crab: 20 | Shark: 5 | Total: 1758
Simulated Sec 7 | Algae: 1236 | Sardine: 342 | Crab: 20 | Shark: 5 | Total: 1659
Simulated Sec 8 | Algae: 1114 | Sardine: 351 | Crab: 20 | Shark: 5 | Total: 1575
Simulated Sec 9 | Algae: 980 | Sardine: 382 | Crab: 20 | Shark: 5 | Total: 1476
Simulated Sec 10 | Algae: 830 | Sardine: 436 | Crab: 20 | Shark: 5 | Total: 1381
Simulated Sec 11 | Algae: 729 | Sardine: 463 | Crab: 20 | Shark: 5 | Total: 1307
Simulated Sec 12 | Algae: 654 | Sardine: 493 | Crab: 20 | Shark: 5 | Total: 1265
Simulated Sec 13 | Algae: 589 | Sardine: 517 | Crab: 20 | Shark: 5 | Total: 1225
Simulated Sec 14 | Algae: 556 | Sardine: 530 | Crab: 20 | Shark: 5 | Total: 1205
Simulated Sec 15 | Algae: 490 | Sardine: 560 | Crab: 20 | Shark: 5 | Total: 1176
Simulated Sec 16 | Algae: 502 | Sardine: 565 | Crab: 20 | Shark: 5 | Total: 1210
Simulated Sec 17 | Algae: 480 | Sardine: 554 | Crab: 20 | Shark: 5 | Total: 1217
Simulated Sec 18 | Algae: 446 | Sardine: 539 | Crab: 20 | Shark: 5 | Total: 1200
Simulated Sec 19 | Algae: 426 | Sardine: 496 | Crab: 20 | Shark: 5 | Total: 1199
Simulated Sec 20 | Algae: 423 | Sardine: 453 | Crab: 20 | Shark: 5 | Total: 1207
Simulated Sec 21 | Algae: 406 | Sardine: 420 | Crab: 20 | Shark: 5 | Total: 1205
Simulated Sec 22 | Algae: 362 | Sardine: 380 | Crab: 20 | Shark: 5 | Total: 1174
Simulated Sec 23 | Algae: 308 | Sardine: 342 | Crab: 20 | Shark: 5 | Total: 1125
Simulated Sec 24 | Algae: 259 | Sardine: 318 | Crab: 20 | Shark: 5 | Total: 1085
Simulated Sec 25 | Algae: 211 | Sardine: 296 | Crab: 20 | Shark: 5 | Total: 1049
Simulated Sec 26 | Algae: 162 | Sardine: 275 | Crab: 20 | Shark: 5 | Total: 1013
Simulated Sec 27 | Algae: 109 | Sardine: 275 | Crab: 20 | Shark: 5 | Total: 978
Simulated Sec 28 | Algae: 89 | Sardine: 248 | Crab: 20 | Shark: 5 | Total: 960
Simulated Sec 29 | Algae: 68 | Sardine: 220 | Crab: 20 | Shark: 5 | Total: 945
Simulated Sec 30 | Algae: 66 | Sardine: 192 | Crab: 20 | Shark: 5 | Total: 942
Simulated Sec 31 | Algae: 72 | Sardine: 169 | Crab: 20 | Shark: 5 | Total: 946
Simulated Sec 32 | Algae: 88 | Sardine: 156 | Crab: 20 | Shark: 5 | Total: 961
Simulated Sec 33 | Algae: 101 | Sardine: 152 | Crab: 20 | Shark: 5 | Total: 973
Simulated Sec 34 | Algae: 111 | Sardine: 138 | Crab: 20 | Shark: 5 | Total: 983
Simulated Sec 35 | Algae: 113 | Sardine: 126 | Crab: 20 | Shark: 5 | Total: 981
Simulated Sec 36 | Algae: 113 | Sardine: 116 | Crab: 20 | Shark: 3 | Total: 981
Simulated Sec 37 | Algae: 113 | Sardine: 97 | Crab: 20 | Shark: 3 | Total: 978
Simulated Sec 38 | Algae: 117 | Sardine: 76 | Crab: 20 | Shark: 3 | Total: 982
Simulated Sec 39 | Algae: 117 | Sardine: 57 | Crab: 20 | Shark: 3 | Total: 980
Simulated Sec 40 | Algae: 118 | Sardine: 32 | Crab: 20 | Shark: 3 | Total: 979
Simulated Sec 41 | Algae: 118 | Sardine: 19 | Crab: 20 | Shark: 3 | Total: 975
Simulated Sec 42 | Algae: 118 | Sardine: 12 | Crab: 20 | Shark: 3 | Total: 972
Simulated Sec 43 | Algae: 119 | Sardine: 4 | Crab: 20 | Shark: 3 | Total: 973
Simulated Sec 44 | Algae: 119 | Sardine: 3 | Crab: 20 | Shark: 3 | Total: 973
Simulated Sec 45 | Algae: 119 | Sardine: 0 | Crab: 20 | Shark: 3 | Total: 973
COLLAPSE: Species extinct!
X11Util.Display: Shutdown (JVM shutdown: true, open (no close attempt): 3/3, reusable (open, marked uncloseable): 0, pending (open in creation order): 3)
X11Util: Open X11 Display Connections: 3
X11Util: Open[0]: NamedX11Display[:1, 0x7f255c4cf2e0, refCount 1, unCloseable false]
X11Util: Open[1]: NamedX11Display[:1, 0x7f2404001500, refCount 1, unCloseable false]
X11Util: Open[2]: NamedX11Display[:1, 0x7f2404013dd0, refCount 1, unCloseable false]
Finished.
