
=== LOADING SOUNDS ===
? ?m thanh: nhacnen.mp3
==== JavaSound Minim Error ====
==== Don't know the ID3 code TSSE

? ?m thanh: amthanhspawn.mp3
? ?m thanh: amthanhcull.mp3
==== JavaSound Minim Error ====
==== Don't know the ID3 code TSSE

? ?m thanh: amthanhbutton.mp3
=== SOUND LOADING DONE ===

? Kh?i ??ng nh?c n?n...
? Nh?c n?n ?ang ph?t (volume: 0.50)
Setup Done
Simulated Sec 1 | Algae: 977 | Sardine: 101 | Crab: 20 | Shark: 3 | Total: 1101
Simulated Sec 2 | Algae: 963 | Sardine: 105 | Crab: 20 | Shark: 3 | Total: 1091
Simulated Sec 3 | Algae: 930 | Sardine: 115 | Crab: 20 | Shark: 3 | Total: 1068
Simulated Sec 4 | Algae: 879 | Sardine: 132 | Crab: 20 | Shark: 4 | Total: 1036
Simulated Sec 5 | Algae: 798 | Sardine: 158 | Crab: 20 | Shark: 4 | Total: 982
Simulated Sec 6 | Algae: 729 | Sardine: 185 | Crab: 20 | Shark: 4 | Total: 940
Simulated Sec 7 | Algae: 663 | Sardine: 207 | Crab: 20 | Shark: 4 | Total: 896
Simulated Sec 8 | Algae: 612 | Sardine: 229 | Crab: 20 | Shark: 4 | Total: 867
Simulated Sec 9 | Algae: 560 | Sardine: 252 | Crab: 20 | Shark: 4 | Total: 838
Simulated Sec 10 | Algae: 505 | Sardine: 285 | Crab: 20 | Shark: 4 | Total: 816
Simulated Sec 11 | Algae: 493 | Sardine: 310 | Crab: 20 | Shark: 4 | Total: 829
Simulated Sec 12 | Algae: 534 | Sardine: 284 | Crab: 21 | Shark: 4 | Total: 886
Simulated Sec 13 | Algae: 590 | Sardine: 301 | Crab: 21 | Shark: 4 | Total: 959
Simulated Sec 14 | Algae: 610 | Sardine: 309 | Crab: 21 | Shark: 4 | Total: 987
Simulated Sec 15 | Algae: 606 | Sardine: 307 | Crab: 21 | Shark: 4 | Total: 988
Simulated Sec 16 | Algae: 591 | Sardine: 313 | Crab: 25 | Shark: 4 | Total: 985
Simulated Sec 17 | Algae: 548 | Sardine: 329 | Crab: 25 | Shark: 4 | Total: 964
Simulated Sec 18 | Algae: 511 | Sardine: 334 | Crab: 25 | Shark: 4 | Total: 935
Simulated Sec 19 | Algae: 475 | Sardine: 345 | Crab: 25 | Shark: 4 | Total: 912
Simulated Sec 20 | Algae: 430 | Sardine: 354 | Crab: 25 | Shark: 4 | Total: 884
Simulated Sec 21 | Algae: 390 | Sardine: 349 | Crab: 26 | Shark: 4 | Total: 856
Simulated Sec 22 | Algae: 344 | Sardine: 346 | Crab: 26 | Shark: 4 | Total: 823
Simulated Sec 23 | Algae: 394 | Sardine: 346 | Crab: 28 | Shark: 4 | Total: 885
Simulated Sec 24 | Algae: 364 | Sardine: 349 | Crab: 28 | Shark: 4 | Total: 875
Simulated Sec 25 | Algae: 327 | Sardine: 358 | Crab: 29 | Shark: 4 | Total: 858
Simulated Sec 26 | Algae: 250 | Sardine: 385 | Crab: 29 | Shark: 4 | Total: 815
Simulated Sec 27 | Algae: 209 | Sardine: 385 | Crab: 32 | Shark: 4 | Total: 789
Simulated Sec 28 | Algae: 165 | Sardine: 390 | Crab: 32 | Shark: 4 | Total: 768
Simulated Sec 29 | Algae: 143 | Sardine: 386 | Crab: 33 | Shark: 4 | Total: 755
Simulated Sec 30 | Algae: 122 | Sardine: 379 | Crab: 33 | Shark: 4 | Total: 740
Simulated Sec 31 | Algae: 93 | Sardine: 367 | Crab: 34 | Shark: 4 | Total: 716
Simulated Sec 32 | Algae: 84 | Sardine: 355 | Crab: 34 | Shark: 4 | Total: 707
Simulated Sec 33 | Algae: 71 | Sardine: 346 | Crab: 35 | Shark: 4 | Total: 701
Simulated Sec 34 | Algae: 81 | Sardine: 324 | Crab: 37 | Shark: 4 | Total: 711
Simulated Sec 35 | Algae: 94 | Sardine: 304 | Crab: 37 | Shark: 4 | Total: 725
Simulated Sec 36 | Algae: 87 | Sardine: 289 | Crab: 37 | Shark: 4 | Total: 722
Simulated Sec 37 | Algae: 63 | Sardine: 287 | Crab: 39 | Shark: 4 | Total: 707
Simulated Sec 38 | Algae: 54 | Sardine: 268 | Crab: 40 | Shark: 4 | Total: 701
Simulated Sec 39 | Algae: 37 | Sardine: 250 | Crab: 40 | Shark: 4 | Total: 688
Simulated Sec 40 | Algae: 25 | Sardine: 235 | Crab: 43 | Shark: 4 | Total: 679
Simulated Sec 41 | Algae: 25 | Sardine: 210 | Crab: 45 | Shark: 4 | Total: 679
Simulated Sec 42 | Algae: 25 | Sardine: 192 | Crab: 48 | Shark: 4 | Total: 679
Simulated Sec 43 | Algae: 25 | Sardine: 158 | Crab: 56 | Shark: 4 | Total: 680
Simulated Sec 44 | Algae: 26 | Sardine: 128 | Crab: 59 | Shark: 4 | Total: 681
Simulated Sec 45 | Algae: 29 | Sardine: 110 | Crab: 63 | Shark: 4 | Total: 684
Simulated Sec 46 | Algae: 32 | Sardine: 101 | Crab: 68 | Shark: 4 | Total: 686
Simulated Sec 47 | Algae: 35 | Sardine: 93 | Crab: 73 | Shark: 4 | Total: 690
Simulated Sec 48 | Algae: 42 | Sardine: 84 | Crab: 74 | Shark: 4 | Total: 697
Simulated Sec 49 | Algae: 42 | Sardine: 63 | Crab: 75 | Shark: 4 | Total: 697
Simulated Sec 50 | Algae: 42 | Sardine: 44 | Crab: 75 | Shark: 4 | Total: 695
Simulated Sec 51 | Algae: 50 | Sardine: 35 | Crab: 79 | Shark: 4 | Total: 703
Simulated Sec 52 | Algae: 50 | Sardine: 27 | Crab: 81 | Shark: 4 | Total: 703
Simulated Sec 53 | Algae: 50 | Sardine: 25 | Crab: 81 | Shark: 4 | Total: 703
Simulated Sec 54 | Algae: 50 | Sardine: 18 | Crab: 81 | Shark: 4 | Total: 702
Simulated Sec 55 | Algae: 50 | Sardine: 14 | Crab: 81 | Shark: 4 | Total: 701
Simulated Sec 56 | Algae: 50 | Sardine: 10 | Crab: 82 | Shark: 4 | Total: 701
Simulated Sec 57 | Algae: 52 | Sardine: 8 | Crab: 85 | Shark: 4 | Total: 703
Simulated Sec 58 | Algae: 60 | Sardine: 6 | Crab: 86 | Shark: 4 | Total: 711
Simulated Sec 59 | Algae: 66 | Sardine: 1 | Crab: 91 | Shark: 4 | Total: 715
Simulated Sec 60 | Algae: 84 | Sardine: 0 | Crab: 95 | Shark: 4 | Total: 734
COLLAPSE: Species extinct!
X11Util.Display: Shutdown (JVM shutdown: true, open (no close attempt): 3/3, reusable (open, marked uncloseable): 0, pending (open in creation order): 3)
X11Util: Open X11 Display Connections: 3
X11Util: Open[0]: NamedX11Display[:1, 0x7f5d288c6920, refCount 1, unCloseable false]
X11Util: Open[1]: NamedX11Display[:1, 0x7f5bc4001500, refCount 1, unCloseable false]
X11Util: Open[2]: NamedX11Display[:1, 0x7f5bc4013f50, refCount 1, unCloseable false]
Finished.
